[   0.00000] Iniiaizg cgoususys put
[  .00000] Iitliing grp ubsy cpu
[    0.0000]Iniaizing cgrop bsyscpcct
[    0000] Lnuvesion 44.11-generc uidd@lgw1-d64-21(gc verson 5.4.0 20160609 (Ubuntu 5.4.0-6ubuntu1~16.04.9) ) #140-Ubuntu SMP Mon Feb 12 21:23:04 UTC 2018 (Ubuntu 4.4.0-116.140-generic 4.4.98)
[    0.000000] Command line: BOOT_IMAGE=/boot/vmlinuz-4.4.0-116-generic root=LABEL=cloudimg-rootfs ro console=tty1 console=ttyS0
[    0.000000] KERNEL supported cpus:
[    0.000000]   Intel GenuineIntel
[    0.000000]   AMD AuthencAMD   0.0000  Cenaur entaurHul
[    0.000000] x86/fpu: xstate_offset[2]:  576, xstate_sizes[2]  256
  0.00000] x86/fpu: Supporting XSAVE feature 0x01: 'x87 floating point registers'
[    0.000000] x86/fpu: Supporting XSAVE feature 0x02: 'SSE registers'
[    0.000000] x86/fpu: Supporting XSAVE feature 0x04: 'AVX registers'
[    0.000000] x86/fpu: Enabled xstate features 0x7, context size is 832 bytes, using 'standard' format.
[    0.000000] x86/fpu: Using 'lazy' FPU context switches.
[    0.000000] e820BIOSroded physical RAM m:[    0.000] BI-e0: [mem 0x0000000000000000-0x000000000009fbff] usable
[    0.000000] BIOS-e820: [mem 0x000000000009fc00-0x000000000009ff] reserved
[    0.000000] BIOS-e820: [mem 0x00000000000f0000-0x00000000000fffff] reserved
[    0.000000] BIOS-e820: [mem 0x0000000000100000-0x000000003ffeffff] usable
[    0.000000] BIOS-e820: [mem 0x000000003fff0000-0x00000003fffffff] ACPI data
[    0.000000] BIOS-e820: [mem 0x00000000fec00000-0x00000000fec00fff] reserved
[    0.000000] BIOSe80: [mem 0x00000000fee00000-0000000e00ff] seved
[   .00000] BOS82: [emx000000fc000-0x0000ffffff reserved
[   0.000] N(Ecute Disable) protection: active
[    000000] SMBIOS 2.5 present.
[   000000] Herisor detected: KM    00000 e82: stpfn 03ff0 max_arch_pfn = 0x400000000
[    0.000000] MTRR: Disabled
[    0.000000] x86/PAT: MTRRs disabled, skipping PAT initialization too.
[    0.000000] CPU MTRRs all blank - virtualized system.
[    0.000000] x86/PAT: Configuration [0-7]: WB  WT  UC- UC  WB W UC- U  
   0.000] oundSMMPtable t em0x0009fff0-0x0009ffff] mapped at [ffff88000009fff0]
[    0.000000] Scanning 1 areas ffor owemry crrtin
[  000000]AMISK::[mm 36c400-0759fff]
[    0.000000] ACPI: Early table checksum verification disabled
[    0.000000] ACPI: RSDP 0x00000000000E0000 000024 (v02 VBOX  )
[    0.000000] ACPI: XSDT 0x000000003FFF0030 00003C (v01 VBOX   VBOXXSDT 00000001 ASL  00000061)
[    0.000000] ACPI: FACP 0x000000003FFF00F0 0000F4 (v04 VBOX   VBOXFACP 00000001 ASL  00000061)
[    0.000000] ACPI: DSDT 0x000000003FFF0470 0021FF (v02 VBOX   VXBIO 000002 INTL 20100528)
[   0000000 AI:FACS 00000003FFF0200 000040
[    0.000000] ACPI: FACS 0x000000003FFF0200 000040
[    0.00000 AI: APIC0x000003FF0240 005C (v0 VX  VBOXIC0000000 A  00000061)
[  0.0000 API ST x00000003F02A000CC(v01 OX VBOXPU0000002 NT200052)    000000] No NUMA configuration found
[    0.000000] Faking a node at [mem 0x0000000000000000-0x000000003ffeffff]
[    0.000000] NODE_DATA(0) allocated [mem 0x3ffeb000-0x3ffeff][   0.000000] kvm-clock: Using msrs 4b564d01 and 4b564d00
[    0.000000] kvm-clock: cpu 0, msr 03ffe00, primar c cock
  0.0000 kvm-cloc: using heoffst  3214255cyles
[  0000000] clocksource: kvm-clock: mask: 0xffffffffffffffff max_cycles: 0x1cd42e4dffb, max_idle_ns: 881590591483 ns
[    0.000000] Zone ranges:
[    0.000000]   DMA      [mem 0x0000000000001000-0x0000000000ffffff]
[    0.000000]   DMA32    [mem 0x0000000001000000-0x000000003ffeffff]
[    0.000000]   Normal   empty
[    0.000000]   Device   empty
[    0.000000] Movable zone start for each node
[    0.000000] Early memory node ranges
[    0.000000]   node   0: [mem 0x0000000000001000-0x000000000009efff]
[    0.000000]   node   0: [mem 0x0000000000100000-0x000000003ffeffff]
[    0.000000] Initmem setup node 0 [mem 0x0000000000001000-0x000000003ffeffff]
[    0.000000] ACPI: PM-Timer IO Port: 0x4008
[    0.000000] IOAPIC[0]: apic_id 2, version 32, address 0xfec00000, GSI 03
[    00000] AC: INT_SR_OR (bs bu_irq global_q 2 dfl dl)
[  00000] PI INTSROV (bus b_irq  gba_irq  l lvel)
[   0.000] UsingAC (ADT) fr P onfigurtion information
[    0.000000] smpboot: Allowing 2 CPUs, 0 hotplug CPUs
[    0.000000] PM: Registered nosave memory: [mem 0x00000000-0x00000fff]
[    0.000000] PM: Registered nosave memory: [mem 0x0009f000-0x0009ffff]
[    0.000000] PM: Registered nosave memory: [mem 0x000a0000-0x000effff]
[    0.000000] PM: Registered nosave memory: [mem 0x000f0000-0x000fffff]
[  0.0000 e20: me0x000000-fefffffavlabl f PI deves
[    .0000] Botg aravrtlied krnelonVM
[   00000]clksurc: fied-jiffs:mask: xfffff max_cycles: 0xffffffff, max_idle_ns: 7645519600211568 ns
[    0.00000 setuppepu: NCP:512 r_umsk_bis:2 r_cp_i:2nr_noe_s:
[   00000] PRC: mbeddd  pges/cp @ff803f000 s954 r92 d352u14857
  0.0000 P qspnlk ash tlentries: 25 (der:, 96 bytes)
[    0.000000] Built 1 zonelists in Node order, mobility grouping on.  Total pages: 257913
[    0.000000] Policy zone: DMA32
[    0.000000] Kernel command line: BOOT_IMAGE=/boot/vmlinuz-4.4.0-116-generic root=LABEL=cloudimg-rootfs ro console=tty1 console=ttyS0
[    0.000000] PID hah able entries: 09(ordr:, 2768bys)
[  000000Mery: 116K/1081K vailable (8530K krn cde, 30 rdata 32Krodaa,50K init,13K bss, 42 reseed0K cmaesved)
[    0.0000] SLUB: aln=64, Ode0-3, Minbjects=0, CPUs=2, Nodes=1
[    0.000000] Kernel/User page tables isolation: enabled
[    0.000000] Hierarchical RCU implementation.
[    0.000000] 	Build-time adjustment of leaf fanout to 64.
[    0.000000] 	RCU restricting CPUs from NR_CPUS=512 to nr_cpu_ids=2.
[    0.000000] RCU: Adjusting geometry for rcu_fanout_leaf=64, nr_cpu_ids=2
[    0.000000] NR_IRQS:33024 nrrqs:440 16
[    0.000000] Console: colour VGA+ 80x25
[    0.000000] console [tty1] enabled
[    0.000000] console [ttyS0] enabled
[    0.000000] tsc: Detected 2599.998 MHz processor
[    8.897673] Calibrating delay loop (skipped) preset value.. 5199.99 BogoMIPS (lpj=10399992)
[    8.954492] pid_max: default: 32768 minimum: 301
[    9.013408] ACPI: Core revision 20150930
[    9.056181] ACPI: 2 ACPI AML tables successfully acquired and loaded
[    9.146226] Security Framework initialized
[    9.193754] Yama: becoming mindful.
[    9.258137] AppArmor: AppArmor initialized
[    9.277511] Dentry cache hash table entries: 131072 (order: 8, 1048576 bytes)
[    9.280482] Inode-cache hash table entries: 65536 (order: 7, 524288 bytes)
[    9.281999] Mount-cache hash table entries: 2048 (order: 2, 16384 bytes)
[    9.283369] Mountpoint-cache hash table entries: 2048 (order: 2, 16384 bytes)
[    9.284940] Initializing cgroup subsys io
[    9.337070] Initializing cgroup subsys memory
[    9.377506] Initializing cgroup subsys devices
[    9.453414] Initializing cgroup subsys freezer
[    9.521618] Initializing cgroup subsys net_cls
[    9.583527] Initializing cgroup subsys perf_event
[    9.645168] Initializing cgroup subsys net_prio
[    9.726645] Initializing cgroup subsys hugetlb
[    9.786862] Initializing cgroup subsys pids
[    9.854305] CPU: Physical Processor ID: 0
[    9.916659] CPU: Processor Core ID: 0
[    9.961676] FEATURE SPEC_CTRL Not Present
[    9.977026] mce: CPU supports 0 MCE banks
[   10.029219] Last level iTLB entries: 4KB 1024, 2MB 1024, 4MB 1024
[   10.065345] Last level dTLB entries: 4KB 1024, 2MB 1024, 4MB 1024, 1GB 4
[   10.087325] Spectre V2 mitigation: Mitigation: Full generic retpoline
[   10.088658] Spectre V2 mitigation: Speculation control IBPB not-supported IBRS not-supported
[   10.195595] Freeing SMP alternatives memory: 32K
[   10.257243]]ftrace: allocating 32186 entries in 126 pages
[   10.396263] smpboot: APIC(0) Converting physical 0 to logical package 0
[   10.475239] smpboot: Max logical packages: 1
[   10.561315] x2apic enabled
[   10.597998] Switched APIC routing to physical x2apic.
[   10.678830] ..TIMER: vector=0x30 apic1=0 pin1=2 apic2=-1 pin2=-1
[   10.877363] smpboot: CPU0: Intel(R) Core(TM) i5-4278U CPU @ 2.60GHz (family: 0x6, model: 0x45, stepping: 0x1)
[   11.037669] Performance Events: unsupported p6 CPU model 69 no PMU driver, software events only.
[   11.138485] KVM setup paravirtual spinlock
[   11.204670] x86: Booting SMP configuration:
[   11.275532] .... node  #0, CPUs:      #1
[   11.326952] kvm-clock: cpu 1, msr 0:3ffe3041, secondary cpu clock
[   11.330351] mce: CPU supports 0 MCE banks
[   11.332998] x86: Booted up 1 node, 2 CPUs
[   11.387051] smpboot: Total of 2 processors activated (10399.99 BogoMIPS)
[   11.462141] devtmpfs: initialized
[   11.504009] evm: security.selinux
[   11.533883] evm: security.SMACK64
[   11.569592] evm: security.SMACK64EXEC
[   11.599463] evm: security.SMACK64TRANSMUTE
[   11.600390] evm: security.SMACK64MMAP
[   11.605030] evm: security.ima
[   11.637627] evm: security.capability
[   11.682176] clocksource: jiffies: mask: 0xffffffff max_cycles: 0xffffffff, max_idle_ns: 7645041785100000 ns
[   11.761681] futex hash table entries: 512 (order: 3, 32768 bytes)
[   11.763061] pinctrl core: initialized pinctrl subsystem
[   11.764297] RTC time: 23:47:30, date: 03/16/18
[   11.765451] NET: Registered protocol family 16
[   11.778005] cpuidle: using governor ladder
[   11.809777] cpuidle: using governor menu
[   11.834698] PCCT header not found.
[   11.835614] ACPI: bus type PCI registered
[   11.847641] acpiphp: ACPI Hot Plug PCI Controller Driver version: 0.5
[   11.849077] PCI: Using configuration type 1 for base access
[   11.862441] ACPI: Added _OSI(Module Device)
[   11.916871] ACPI: Added _OSI(Processor Device)
[   11.963091] ACPI: Added _OSI(3.0 _SCP Extensions)
[   12.025512] ACPI: Added _OSI(Processor Aggregator Device)
[   12.070382] ACPI: Executed 1 blocks of module-level executable AML code
[   12.160387] ACPI: Interpreter enabled
[   12.203573] ACPI: (supports S0 S5)
[   12.243156] ACPI: Using IOAPIC for interrupt routing
[   12.283967] PCI: Using host bridge windows from ACPI; if necessary, use "pci=nocrs" and report a bug
[   12.363517] ACPI: PCI Root Bridge [PCI0] (domain 0000 [bus 00-ff])
[   12.435433] acpi PNP0A03:00: _OSC: OS supports [ASPM ClockPM Segments MSI]
[   12.506142] acpi PNP0A03:00: _OSC: not requesting OS control; OS requires [ExtendedConfig ASPM ClockPM MSI]
[   12.614446] acpi PNP0A03:00: fail to add MMCONFIG information, can't access extended PCI configuration space under this bridge.
[   12.746123] PCI host bridge to bus 0000:00
[   12.809529] pci_bus 0000:00: root bus resource [io  0x0000-0x0cf7 window]
[   12.877917] pci_bus 0000:00: root bus resource [io  0x0d00-0xffff window]
[   12.958914] pci_bus 0000:00: root bus resource [mem 0x000a0000-0x000bffff window]
[   13.043352] pci_bus 0000:00: root bus resource [mem 0x40000000-0xfdffffff window]
[   13.143590] pci_bus 0000:00: root bus resource [bus 00-ff]
[   13.207377] pci 0000:00:01.1: legacy IDE quirk: reg 0x10: [io  0x01f0-0x01f7]
[   13.283028] pci 0000:00:01.1: legacy IDE quirk: reg 0x14: [io  0x03f6]
[   13.318957] pci 0000:00:01.1: legacy IDE quirk: reg 0x18: [io  0x0170-0x0177]
[   13.376057] pci 0000:00:01.1: legacy IDE quirk: reg 0x1c: [io  0x0376]
[   13.472567] pci 0000:00:07.0: quirk: [io  0x4000-0x403f] claimed by PIIX4 ACPI
[   13.551538] pci 0000:00:07.0: quirk: [io  0x4100-0x410f] claimed by PIIX4 SMB
[   13.566967] ACPI: PCI Interrupt Link [LNKA] (IRQs 5 9 10 *11)
[   13.617933] ACPI: PCI Interrupt Link [LNKB] (IRQs 5 9 *10 11)
[   13.681772] ACPI: PCI Interrupt Link [LNKC] (IRQs 5 *9 10 11)
[   13.755010] ACPI: PCI Interrupt Link [LNKD] (IRQs 5 9 10 *11)
[   13.833850] ACPI: Enabled 2 GPEs in block 00 to 07
[   13.894431] vgaarb: setting as boot device: PCI:0000:00:02.0
[   13.954140] vgaarb: device added: PCI:0000:00:02.0,decodes=io+mem,owns=io+mem,locks=none
[   13.955938] vgaarb: loaded
[   13.956628] vgaarb: bridge control possible 0000:00:02.0
[   13.995496] SCSI subsystem initialized
[   14.051284] ACPI: bus type USB registered
[   14.096263] usbcore: registered new interface driver usbfs
[   14.173969] usbcore: registered new interface driver hub
[   14.229821] usbcore: registered new device driver usb
[   14.288793] PCI: Using ACPI for IRQ routing
[   14.355450] NetLabel: Initializing
[   14.393433] NetLabel:  domain hash size = 128
[   14.399319] NetLabel:  protocols = UNLABELED CIPSOv4
[   14.400427] NetLabel:  unlabeled traffic allowed by default
[   14.406714] amd_nb: Cannot enumerate AMD northbridges
[   14.408306] clocksource: Switched to clocksource kvm-clock
[   14.439] pAor AppArmorilysm abd  4.32] p:nPCPin
  5.88] p: PnP ACPI: foud 3 devices

[   15.582103] clocksource: acpi_pm: mask: 0xffffff max_cycles: 0xffffff, max_idle_ns: 2085701024 ns
[   15.673732] NET: Registered protocol family 2
[   15.705324] TCP established hash table entries: 8192 (order: 4, 65536 bytes)
[   15.736880] TCP bind hash table entries: 8192 (order: 5, 131072 bytes)
[   15.738226] TCP: Hash tables configured (established 8192 bind 8192)
[   15.739545] UDP hash table entries: 512 (order: 2, 16384 bytes)
[   15.740794] UDP-Lite hash table entries: 512 (order: 2, 16384 bytes)
[   15.776470] NET: Registered protocol family 1
[   15.845480] pci 0000:00:00.0: Limiting direct PCI/PCI transfers
[   15.865093] pci 0000:00:01.0: Activating ISA DMA hang workarounds
[   15.907262] Unpacking initramfs...
[   17.556100] Freeing initrd memory: 10840K
[   17.632981] RAPL PMU detected, API unit is 2^-32 Joules, 4 fixed counters 10737418240 ms ovfl timer
[   17.708168] hw unit of domain pp0-core 2^-0 Joules
[   17.717131] hw unit of domain package 2^-0 Joules
[   17.726209] hw unit of domain dram 2^-0 Joules
[   17.748122] hw unit of domain pp1-gpu 2^-0 Joules
[   17.762036] platform rtc_cmos: registered platform RTC device (no PNP device found)
[   17.777734] Scanning for low memory corruption every 60 seconds
[   17.828823] audit: initializing netlink subsys (disabled)
[   17.912351] audit: type=2000 audit(1521244047.048:1): initialized
[   17.979508] Initialise system trusted keyring
[   18.014144] HugeTLB registered 2 MB page size, pre-allocated 0 pages
[   18.107719] zbud: loaded
[   18.164885] VFS: Disk quotas dquot_6.6.0
[   18.205206] VFS: Dquot-cache hash table entries: 512 (order 0, 4096 bytes)
[   18.255476] squashfs: version 4.0 (2009/01/31) Phillip Lougher
[   18.297299] fuse init (API version 7.23)
[   18.363515] Key type big_key registered
[   18.403344] Allocating IMA MOK and blacklist keyrings.
[   18.444286] Key type asymmetric registered
[   18.481014] Asymmetric key parser 'x509' registered
[   18.539546] Block layer SCSI generic (bsg) driver version 0.4 loaded (major 249)
[   18.603587] io scheduler noop registered
[   18.659392] io scheduler deadline registered (default)
[   18.716633] io scheduler cfq registered
[   18.771503] tsc: Refined TSC clocksource calibration: 2599.647 MHz
[   18.822387] clocksource: tsc: mask: 0xffffffffffffffff max_cycles: 0x2578ee96e61, max_idle_ns: 440795301685 ns
[   18.824579] pci_hotplug: PCI Hot Plug PCI Core version: 0.5
[   18.824584] pciehp: PCI Express Hot Plug Controller Driver version: 0.4
[   18.824863] ACPI: AC Adapter [AC] (on-line)
[   18.824957] input: Power Button as /devices/LNXSYSTM:00/LNXPWRBN:00/input/input0
[   18.824961] ACPI: Power Button [PWRF]
[   18.825072] input: Sleep Button as /devices/LNXSYSTM:00/LNXSLPBN:00/input/input1
[   18.825075] ACPI: Sleep Button [SLPF]
[   18.884521] GHES: HEST is not enabled!
[   18.945038] Serial: 8250/16550 driver, 32 ports, IRQ sharing enabled
[   18.997854] 00:02: ttyS0 at I/O 0x3f8 (irq = 4, base_baud = 115200) is a 16550A
[   19.020226] Linux agpgart interface v0.103
[   19.024635] loop: module loaded
[   19.025196] scsi host0: ata_piix
[   19.025254] scsi host1: ata_piix
[   19.025284] ata1: PATA max UDMA/33 cmd 0x1f0 ctl 0x3f6 bmdma 0xd000 irq 14
[   19.025285] ata2: PATA max UDMA/33 cmd 0x170 ctl 0x376 bmdma 0xd008 irq 15
[   19.025360] libphy: Fixed MDIO Bus: probed
[   19.025363] tun: Universal TUN/TAP device driver, 1.6
[   19.025363] tun: (C) 1999-2004 Max Krasnyansky <maxk@qualcomm.com>
[   19.025755] PPP generic driver version 2.4.2
[   19.025814] ehci_hcd: USB 2.0 'Enhanced' Host Controller (EHCI) Driver
[   19.025819] ehci-pci: EHCI PCI platform driver
[   19.025835] ehci-platform: EHCI generic platform driver
[   19.025843] ohci_hcd: USB 1.1 'Open' Host Controller (OHCI) Driver
[   19.025847] ohci-pci: OHCI PCI platform driver
[   19.025855] ohci-platform: OHCI generic platform driver
[   19.025862] uhci_hcd: USB Universal Host Controller Interface driver
[   19.025938] i8042: PNP: PS/2 Controller [PNP0303:PS2K,PNP0f03:PS2M] at 0x60,0x64 irq 1,12
[   19.027206] serio: i8042 KBD port at 0x60,0x64 irq 1
[   19.027221] serio: i8042 AUX port at 0x60,0x64 irq 12
[   19.027438] mousedev: PS/2 mouse device common for all mice
[   19.028135] input: AT Translated Set 2 keyboard as /devices/platform/i8042/serio0/input/input2
[   19.028925] rtc_cmos rtc_cmos: rtc core: registered rtc_cmos as rtc0
[   19.028992] rtc_cmos rtc_cmos: alarms up to one day, 114 bytes nvram
[   19.029003] i2c /dev entries driver
[   19.029069] device-mapper: uevent: version 1.0.3
[   19.029131] device-mapper: ioctl: 4.34.0-ioctl (2015-10-28) initialised: dm-devel@redhat.com
[   19.029155] ledtrig-cpu: registered to indicate activity on CPUs
[   19.029718] NET: Registered protocol family 10
[   19.029858] NET: Registered protocol family 17
[   19.029872] Key type dns_resolver registered
[   19.030030] microcode: CPU0 sig=0x40651, pf=0x40, revision=0x0
[   19.039186] microcode: CPU1 sig=0x40651, pf=0x40, revision=0x0
[   19.039249] microcode: Microcode Update Driver: v2.01 <tigran@aivazian.fsnet.co.uk>, Peter Oruba
[   19.039377] registered taskstats version 1
[   19.039390] Loading compiled-in X.509 certificates
[   19.039986] Loaded X.509 cert 'Build time autogenerated kernel key: aa84f01984fbd529c105810b59e379d349698248'
[   19.040006] zswap: loaded using pool lzo/zbud
[   19.042081] Key type trusted registered
[   19.047041] Key type encrypted registered
[   19.047048] AppArmor: AppArmor sha1 policy hashing enabled
[   19.047050] ima: No TPM chip found, activating TPM-bypass!
[   19.047068] evm: HMAC attrs: 0x1
[   19.047363]   Magic number: 10:859:807
[   19.047383] misc snapshot: hash matches
[   19.049568] rtc_cmos rtc_cmos: setting system clock to 2018-03-16 23:47:37 UTC (1521244057)
[   19.049655] BIOS EDD facility v0.16 2004-Jun-25, 0 devices found
[   19.049655] EDD information not available.
[   21.428878] Freeing unused kernel memory: 1508K
[   22.084548] Write protecting the kernel read-only data: 14336k
[   22.129906] Freeing unused kernel memory: 1700K
[   22.149475] Freeing unused kernel memory: 104K
Loading, please [   22.209646] random: systemd-udevd: uninitialized urandom read (16 bytes read, 4 bits of entropy available)
wait...
startin[   22.210953] random: udevadm: uninitialized urandom read (16 bytes read, 4 bits of entropy available)
g version 229
[   22.211003] random: udevadm: uninitialized urandom read (16 bytes read, 4 bits of entropy available)
[   22.224248] random: udevadm: uninitialized urandom read (16 bytes read, 4 bits of entropy available)
[   22.224299] random: udevadm: uninitialized urandom read (16 bytes read, 4 bits of entropy available)
[   22.224725] random: udevadm: uninitialized urandom read (16 bytes read, 4 bits of entropy available)
[   22.224840] random: udevadm: uninitialized urandom read (16 bytes read, 4 bits of entropy available)
[   22.224954] random: udevadm: uninitialized urandom read (16 bytes read, 4 bits of entropy available)
[   22.225055] random: udevadm: uninitialized urandom read (16 bytes read, 4 bits of entropy available)
[   22.225130] random: udevadm: uninitialized urandom read (16 bytes read, 4 bits of entropy available)
[   23.019078] e1000: Intel(R) PRO/1000 Network Driver - version 7.3.21-k8-NAPI
[   23.028936] e1000: Copyright (c) 1999-2006 Intel Corporation.
[   23.037796] Fusion MPT base driver 3.04.20
[   23.074594] Copyright (c) 1999-2008 LSI Corporation
[   23.081285] Fusion MPT SPI Host driver 3.04.20
[   23.121262] AVX2 version of gcm_enc/dec engaged.
[   23.129290] AES CTR mode by8 optimization enabled
[   23.296216] input: ImExPS/2 Generic Explorer Mouse as /devices/platform/i8042/serio1/input/input4
[   23.457587] e1000 0000:00:03.0 eth0: (PCI:33MHz:32-bit) 02:20:cd:a9:28:ef
[   23.634924] e1000 0000:00:03.0 eth0: Intel(R) PRO/1000 Network Connection
[   23.637072] mptbase: ioc0: Initiating bringup
[   24.456514] ioc0: LSI53C1030 A0: Capabilities={Initiator}
[   26.010544] scsi host2: ioc0: LSI53C1030 A0, FwRev=00000000h, Ports=1, MaxQ=256, IRQ=20
[   26.154620] floppy0: no floppy controllers found
[   26.333275] scsi 2:0:0:0: Direct-Access     VBOX     HARDDISK         1.0  PQ: 0 ANSI: 5
[   26.642955] scsi target2:0:0: Beginning Domain Validation
[   26.673585] scsi target2:0:0: Domain Validation skipping write tests
[   26.674971] scsi target2:0:0: Ending Domain Validation
[   26.676170] scsi target2:0:0: asynchronous
[   26.684475] scsi 2:0:1:0: Direct-Access     VBOX     HARDDISK         1.0  PQ: 0 ANSI: 5
[   26.726940] scsi target2:0:1: Beginning Domain Validation
[   26.732306] scsi target2:0:1: Domain Validation skipping write tests
[   26.757207] scsi target2:0:1: Ending Domain Validation
[   26.758449] scsi target2:0:1: asynchronous
[   26.768950] sd 2:0:0:0: Attached scsi generic sg0 type 0
[   26.787283] sd 2:0:0:0: [sda] 20971520 512-byte logical blocks: (10.7 GB/10.0 GiB)
[   26.789281] sd 2:0:0:0: [sda] Write Protect is off
[   26.790516] sd 2:0:0:0: [sda] Incomplete mode parameter data
[   26.791786] sd 2:0:0:0: [sda] Assuming drive cache: write through
[   26.793893] sd 2:0:1:0: [sdb] 20480 512-byte logical blocks: (10.5 MB/10.0 MiB)
[   26.804631] sd 2:0:1:0: Attached scsi generic sg1 type 0
[   26.806095] sd 2:0:1:0: [sdb] Write Protect is off
[   26.836080]  sda: sda1
[   26.836941] sd 2:0:1:0: [sdb] Incomplete mode parameter data
[   26.850970] sd 2:0:1:0: [sdb] Assuming drive cache: write through
[   26.852846] sd 2:0:0:0: [sda] Attached SCSI disk
[   26.862806] sd 2:0:1:0: [sdb] Attached SCSI disk
[   26.997914] e1000 0000:00:08.0 eth1: (PCI:33MHz:32-bit) 08:00:27:cf:5d:82
[   27.046124] e1000 0000:00:08.0 eth1: Intel(R) PRO/1000 Network Connection
[   27.124767] e1000 0000:00:03.0 enp0s3: renamed from eth0
[   27.168800] e1000 0000:00:08.0 enp0s8: renamed from eth1
Begin: Loading essential drivers[   28.527662] md: linear personality registered for level -1
 ... [   28.646820] md: multipath personality registered for level -4
[   28.699678] md: raid0 personality registered for level 0
[   28.709791] md: raid1 personality registered for level 1
[   28.804383] raid6: sse2x1   gen()  6535 MB/s
[   28.932587] raid6: sse2x1   xor()  7454 MB/s
[   29.024837] raid6: sse2x2   gen() 12337 MB/s
[   29.132659] raid6: sse2x2   xor()  8728 MB/s
[   29.242078] raid6: sse2x4   gen() 14315 MB/s
[   29.392841] raid6: sse2x4   xor()  9852 MB/s
[   29.492379] raid6: avx2x1   gen() 18621 MB/s
[   29.644245] raid6: avx2x2   gen() 24262 MB/s
[   29.748560] raid6: avx2x4   gen() 23413 MB/s
[   29.795779] raid6: using algorithm avx2x2 gen() 24262 MB/s
[   29.799500] raid6: using avx2x2 recovery algorithm
[   29.818369] xor: automatically using best checksumming function:
[   29.860503]    avx       : 14131.000 MB/sec
[   29.870091] async_tx: api initialized (async)
[   29.887141] md: raid6 personality registered for level 6
[   29.916339] md: raid5 personality registered for level 5
[   29.921616] md: raid4 personality registered for level 4
[   29.928874] md: raid10 personality registered for level 10
done.
Begin: Running /scripts/init-premount ... done.
Begin: M[   30.027650] Btrfs loaded
ounting root file system ... Begin: Running /scripts/local-top ... done.
Begin: Running /scripts/local-premount ... Scanning for Btrfs filesystems
done.
Warning: fsck not present, so skipping root file system
[   30.123001] EXT4-fs (sda1): mounted filesystem with ordered data mode. Opts: (null)
done.
Begin: Running /scripts/local-bottom ... done.
Begin: Running /scripts/init-bottom ... done.
[   31289]anm:onockig ols italized
[   31.935457] systemd[1]: systemd 229 running in system mode. (+PAM +AUDIT +SELINUX +IMA +APPARMOR +SMACK +SYSVINIT +UTMP +LIBCRYPTSETUP +GCRYPT +GNUTLS +ACL +XZ -LZ4 +SECCOMP +BLKID +ELFUTILS +KMOD -IDN)
[   32.133924] systemd[1]: Detected virtualization oracle.
[   32.211963] systemd[1]: Detected architecture x86-64.

Welcome to [1mUbuntu 16.04.4 LTS[0m!

[   32.317941] systemd[1]: Set hostname to <ubuntu-xenial>.
[   33.200301] systemd[1]: Listening on udev Kernel Socket.
[[0;32m  OK  [0m] Listening on udev Kernel Socket.
[ 330667] syte[1] Srt Frward Psswor Rues  Wl reto Watch.

[[0;32m  OK  [0m] Started Forward Password Requests to Wall Directory Watch.
[ 3476473] systemd[1]: Listening on LVM2 poll daemon socket.

[[0;32m  OK  [0m] Listening on LVM2 poll daemon socket.
[ 34167]ysted[1]:Seuputomount Arbitrary Executable File Formats File System Automount Point.

[[0;32m  OK  [0m] Set up automount Arbitrary Executab...ats File System Automount Point.
[   34.583592] systemd[1]: Listening on Journal Audit Socket.
[[0;32m  OK  [0m] Listening on Journal Audit Socket.
[   34.586251] systemd[1]: Started Trigger resolvconf update for networkd DNS.
[[0;32m  OK  [0m] Started Trigger resolvconf update for networkd DNS.
[   34.589325] systemd[1]: Listening on udev Control Socket.
[[0;32m  OK  [0m] Listening on udev Control Socket.
[ 347055syem[1 Cat sceseanSeioSlice.
[[0;32m  OK  [0m] Created slice User and Session Slice.
[   35.378095] systemd[]:Listni o/d/itctlCompatibility Named Pipe.

[[0;32m  OK  [0m] Listening on /dev/initctl Compatibility Named Pipe.
[   36977syem1]: isni oDeceapper event daemon FIFOs.

[[0;32m  OK  [0m] Listening on Device-mapper event daemon FIFOs.
[   36.180362] systemd[1]: Created slice System Slice.
[[0;32m  OK  [0m] Created slice System Slice.
[ 36326]ystemd[1]: Reached taretSles

[[0;32m  OK  [0m] Reached target Slices.
[   36.13279] ysmd]:isni oSyogoct.
[[0;32m  OK  [0m] Listening on Syslog Socket.
[ 37.173453] systemd[1]: Listening on Journal Socket.

[[0;32m  OK  [0m] Listening on Journal Socket.
[   37.265158] systemd[1]: Starting Remount Root and Kernel File Systems...
         Starting Remount Root and Kernel File Systems...
[   37.336522] systemd[1]: Starting Nameserver information manager...
         [   37.412986] EXT4-fs (sda1): re-mounted. Opts: (null)
Starting Nameserver information manager...
[   37.469955] systemd[1]: Starting Set console keymap...
         Starting Set console keymap...
[  3.50704]systmd]:eaedtaetseanGroup Name Loku.
[[0;32m  OK  [0m] Reached target User and Group Name Lookups.
[   38.196745] systemd[1]: Reached target Encrypted Volumes.
[[0;32m  OK  [0m] Reached target Encrypted Volumes.
[ 38684] systed[: acd target Swap.
[[0;32m  OK  [0m] Reached target Swap.

[   38.604817] systemd[1]: Mounting Debug File System...
         Mounting Debug File System...
[   38.636759] system[1 Lteng on LVM2meda daemon socket.

[[0;32m  OK  [0m] Listening on LVM2 metadata daemon socket.
[   39.001151] systemd[1]: Starting Monitoring of LVM2 mirrors, snapshots etc. using dmeventd or progress polling...
         Starting Monitoring of LVM2 mirrors... dmeventd or progress polling...
[   39.066593] systemd[1]: Mounting Huge Pages File System...
         Mounting Huge Pages File System...
[   39.159823] systemd[1]: Starting Uncomplicated firewall...
         Starting Uncomplicated firewall...
[   9.55] systemd[1]:Crateddslice systemseal2dttslice.

[[0;32m  OK  [0m] Created slice system-serial\x2dgetty.slice.
[   39.708833] systemd[1]: Starting Create list of required static device nodes for the current kernel...
         Starting Create list of required st... nodes for the current kernel...
[   39.865045] systemd[1]: Mounting POSIX Message Queue File System...
         Mounting POSIX Message Queue File System...
[   40.024870] systemd[1]: Starting Load Kernel Modules...
         Starting Load Kernel Modules...
[  40.116 ste[1 Ltening on Journal Socket (/dev/log).
[[0;32m  OK  [0[   40.430679] Loading iSCSI transport class v2.0-870.
m] Listening on Journal Socket (/dev/log).
[   40.537862] iscsi: registered transport (tcp)
[   40.585657] systemd[1]: Starting Journal Service...
         Starting Journal Service...
[   40.662448] systemd[1]: Mounted POSIX Message Queue File System.
[[0;32m  OK  [0m] Mounted POSIX Message Queue File System.
[   40.772727] systemd[1]: Mounted Debug File System.
[[0;32m  OK  [0m] Mounted Debug File System.
[   40.780508] systemd[1]: Mounted Huge Pages File System.
[[0;32m  OK  [0m] Mounted Huge Pages File System.
[   40.783055] systemd[1]: Started Journal Service.
[[0;32m  OK  [0[   40.815956] iscsi: registered transport (iser)
m] Started Journal Service.
[[0;32m  OK  [0m] Started Remount Root and Kernel File Systems.
[[0;32m  OK  [0m] Started Set console keymap.
[[0;32m  OK  [0m] Started Uncomplicated firewall.
[[0;32m  OK  [0m] Started Create list of required sta...ce nodes for the current kernel.
[[0;32m  OK  [0m] Started Load Kernel Modules.
[[0;32m  OK  [0m] Started Nameserver information manager.
[[0;32m  OK  [0m] Started LVM2 metadata daemon.
         Mounting FUSE Control File System...
         Starting Apply Kernel Variables...
         Starting Create Static Device Nodes in /dev...
         Starting udev Coldplug all Devices...
         Starting Initial cloud-init job (pre-networking)...
         Starting Load/Save Random Seed...
         Starting Flush Journal to Persistent Storage...
[[0;32m  OK  [0m] Mounted FUSE Control File System.
[[0;32m  OK  [0m] Started Apply Kernel Variables.
[[0;32m  OK  [0m] Started Create Static Device Nodes in /dev.
[[0;32m  OK  [0m] Started Load/Save Random Seed.
[[0;32m  OK  [0m] Started udev Coldplug all Devices.
         Starting udev Kernel Device Manager...
[[0;32m  OK  [0m] Started Monitoring of LVM2 mirrors,...ng dmeventd or progress polling.
[[0;32m  OK  [0m] Started Flush Journal to Persistent Storage.
[[0;32m  OK  [0m] Started udev Kernel Device Manager.
[[0;32m  OK  [0m] Started Dispatch Password Requests to Console Directory Watch.
[[0;32m  OK  [0m] Reached target Local File Systems (Pre).
[[0;32m  OK  [0m] Reached target Local File Systems.
         Starting Tell Plymouth To Write Out Runtime Data...
         Starting LSB: AppArmor initialization...
         Starting Set console font and keymap...
         Starting Create Volatile Files and Directories...
[[0;32m  OK  [0m] Started Tell Plymouth To Write Out Runtime Data.
[[0;32m  OK  [0m] Found device /dev/ttyS0.
[[0;32m  OK  [0m] Started Create Volatile Files and Directories.
[[0;32m  OK  [0m] Reached target System Time Synchronized.
         Starting Update UTMP about System Boot/Shutdown...
[[0;32m  OK  [0m] Found device 82540EM Gigabit Ethern...r (PRO/1000 MT Desktop Adapter).
[[0;32m  OK  [0m] Started Update UTMP about System Boot/Shutdown.
[[0;32m  OK  [0m] Found device 82540EM Gigabit Ethern...r (PRO/1000 MT Desktop Adapter).
[[0;32m  OK  [0m] Started Set console font and keymap.
[[0;32m  OK  [0m] Created slice system-getty.slice.
[[0;32m  OK  [0m] Listening on Load/Save RF Kill Switch Status /dev/rfkill Watch.
[[0;32m  OK  [0m] Started LSB: AppArmor initialization.
[   31.595592] cloud-init[448]: Cloud-init v. 17.2 running 'init-local' at Fri, 16 Mar 2018 23:48:03 +0000. Up 31.08 seconds.
[[0;32m  OK  [0m] Started Initial cloud-init job (pre-networking).
[[0;32m  OK  [0m] Reached target Network (Pre).
[[0;32m  OK  [0m] Started ifup for enp0s3.
[[0;32m  OK  [0m] Started ifup for enp0s8.
         Starting Raise network interfaces...
[[0;32m  OK  [0m] Started Raise network interfaces.
         Starting Initial cloud-init job (metadata service crawler)...
[[0;32m  OK  [0m] Reached target Network.
[   33.088819] cloud-init[1052]: Cloud-init v. 17.2 running 'init' at Fri, 16 Mar 2018 23:48:04 +0000. Up 32.35 seconds.
[   33.134865] cloud-init[1052]: ci-info: ++++++++++++++++++++++++++++++++++++++Net device info++++++++++++++++++++++++++++++++++++++
[[0;32m  OK  [0m] Started Initial cloud-init job (metadata service crawler).
[   33.164368] cloud-init[1052]: ci-info: +--------+------+-----------------------------+---------------+-------+-------------------+
[   33.246873] [cloud-init[0;32m  OK  [0m[1052]: ] ci-info: | Device |  Up  |           Address           |      Mask     | Scope |     Hw-Address    |Reached target System Initialization.

[   33.247393] cloud-init[1052]: ci-info: +--------+------+-----------------------------+---------------+-------+-------------------+
[   33.436440] [cloud-init[0;32m  OK  [0m[1052]: ] ci-info: | enp0s3 | True |          10.0.2.15          | 255.255.255.0 |   .   | 02:20:cd:a9:28:ef |Started Timer to automatically refresh installed snaps.

[   33.574225] [cloud-init[0;32m  OK  [0m[1052]: ] ci-info: | enp0s3 | True |  fe80::20:cdff:fea9:28ef/64 |       .       |  link | 02:20:cd:a9:28:ef |Listening on ACPID Listen Socket.

[   33.574702] [cloud-init[0;32m  OK  [0m[1052]: ] ci-info: | enp0s8 | True |        192.168.33.12        | 255.255.255.0 |   .   | 08:00:27:cf:5d:82 |Started Daily apt download activities.

[   33.684182] [cloud-init[0;32m  OK  [0m[1052]: ] ci-info: | enp0s8 | True | fe80::a00:27ff:fecf:5d82/64 |       .       |  link | 08:00:27:cf:5d:82 |Started Daily apt upgrade and clean activities.

[   33.687445] [cloud-init[0;32m  OK  [0m[1052]: ] ci-info: |   lo   | True |          127.0.0.1          |   255.0.0.0   |   .   |         .         |Started Daily Cleanup of Temporary Directories.

[   33.690748] [cloud-init[0;32m  OK  [0m[1052]: ] ci-info: |   lo   | True |           ::1/128           |       .       |  host |         .         |Reached target Timers.

[   33.801513]          cloud-initStarting LXD - unix socket.[1052]: 
ci-info: +--------+------+-----------------------------+---------------+-------+-------------------+
[   33.940837] [cloud-init[0;32m  OK  [0m[1052]: ] ci-info: ++++++++++++++++++++++++++++Route IPv4 info++++++++++++++++++++++++++++Listening on UUID daemon activation socket.

[[0;32m  OK  [0m] Listening on D-Bus System Message Bus Socket.
         Starting Socket activation for snappy daemon.
[   33.941317] cloud-init[1052]: ci-info: +-------+--------------+----------+---------------+-----------+-------+
[   34.180755] [cloud-init[0;32m  OK  [0m[1052]: ] ci-info: | Route | Destination  | Gateway  |    Genmask    | Interface | Flags |Started ACPI Events Check.

[[0;32m  OK  [0m] Reached target Paths.
[[0;32m  OK  [0m] Reached target Cloud-config availability.
[   34.181234] cloud-init[1052]: ci-info: +-------+--------------+----------+---------------+-----------+-------+
[   34.262710] [cloud-init[0;32m  OK  [0m[1052]: ] ci-info: |   0   |   0.0.0.0    | 10.0.2.2 |    0.0.0.0    |   enp0s3  |   UG  |Reached target Network is Online.

[   34.263179] cloud-init[1052]: ci-info: |   1   |   10.0.2.0   | 0.0.0.0  | 255.255.255.0 |   enp0s3  |   U   |
[   34.387262]          cloud-initStarting iSCSI initiator daemon (iscsid)...[1052]: 
ci-info: |   2   | 192.168.33.0 | 0.0.0.0  | 255.255.255.0 |   enp0s8  |   U   |
[   34.505343] [cloud-init[0;32m  OK  [0m[1052]: ] ci-info: +-------+--------------+----------+---------------+-----------+-------+Listening on LXD - unix socket.

[[0;32m  OK  [0m] Listening on Socket activation for snappy daemon.
[[0;32m  OK  [0m] Reached target Sockets.
[[0;32m  OK  [0m] Reached target Basic System.
[[0;32m  OK  [0m] Started FUSE filesystem for LXC.
         Starting /etc/rc.local Compatibility...
         Starting A high performance web server and a reverse proxy server...
         Starting The PHP 7.0 FastCGI Process Manager...
         Starting Accounts Service...
         Starting LSB: MD monitoring daemon...
[[0;32m  OK  [0m] Started ACPI event daemon.
[[0;32m  OK  [0m] Started Deferred execution scheduler.
[[0;32m  OK  [0m] Started Regular background program processing daemon.
         Starting Apply the settings specified in cloud-config...
         Starting Snappy daemon...
         Starting Login Service...
         Starting LSB: Record successful boot for GRUB...
[[0;32m  OK  [0m] Started Unattended Upgrades Shutdown.
         Starting OpenBSD Secure Shell server...
[[0;32m  OK  [0m] Started D-Bus System Message Bus.
[   36.301888] cloud-init[1139]: Cloud-init v. 17.2 running 'modules:config' at Fri, 16 Mar 2018 23:48:07 +0000. Up 35.42 seconds.
         Starting System Logging Service...
         Starting MySQL Community Server...
         Starting LXD - container startup/shutdown...
[[0;32m  OK  [0m] Started OpenBSD Secure Shell server.
[[0;32m  OK  [0m] Started iSCSI initiator daemon (iscsid).
[[0;32m  OK  [0m] Started /etc/rc.local Compatibility.
[[0;32m  OK  [0m] Started Apply the settings specified in cloud-config.
         Starting Login to default iSCSI targets...
[[0;32m  OK  [0m] Started Login Service.
[[0;32m  OK  [0m] Started LSB: Record successful boot for GRUB.
         Starting Authenticate and Authorize Users to Run Privileged Tasks...
[[0;32m  OK  [0m] Started LSB: MD monitoring daemon.
[[0;32m  OK  [0m] Started Login to default iSCSI targets.
[[0;32m  OK  [0m] Reached target Remote File Systems (Pre).
[[0;32m  OK  [0m] Reached target Remote File Systems.
         Starting LSB: automatic crash report generation...
         Starting Permit User Sessions...
         Starting LSB: Set the CPU Frequency Scaling governor to "ondemand"...
         Starting LSB: daemon to balance interrupts for SMP systems...
         Starting LSB: VirtuaaBox Linux Additions...
[[0;32m  OK  [0m] Started System Logging Service.
[[0;32m  OK  [0m] Started Permit User Sessions.
[[0;32m  OK  [0m] Started A high performance web server and a reverse proxy server.
[[0;32m  OK  [0m] Started LSB: Set the CPU Frequency Scaling governor to "ondemand".
         Starting Terminate Plymouth Boot Screen...
         Starting Hold until boot process finishes up...
[[0;32m  OK  [0m] Started Terminate Plymouth Boot Screen.
[[0;32m  OK  [0m] Started Hold until boot process finishes up.
[[0;32m  OK  [0m] Started LSB: automatic crash report generation.
[[0;32m  OK  [0m] Started Authenticate and Authorize Users to Run Privileged Tasks.
[[0;32m  OK  [0m] Started Accounts Service.
[[0;32m  OK  [0m] Started Serial Getty on ttyS0.
[[0;32m  OK  [0m] Started Getty on tty1.
[[0;32m  OK  [0m] Reached target Login Prompts.
         Starting Set console scheme...
[[0;32m  OK  [0m] Started LSB: daemon to balance interrupts for SMP systems.
[[0;32m  OK  [0m] Started Set console scheme.
[[0;32m  OK  [0m] Created slice User Slice of vagrant.
         Starting User Manager for UID 1000...
[[0;32m  OK  [0m] Started Session 1 of user vagrant.
[[0;32m  OK  [0m] Started User Manager for UID 1000.
[[0;32m  OK  [0m] Started LSB: VirtualBox Linux Additions.
[[0;32m  OK  [0m] Started Snappy daemon.
[[0;32m  OK  [0m] Started LXD - container startup/shutdown.
[[0;32m  OK  [0m] Started The PHP 7.0 FastCGI Process Manager.

Ubuntu 16.04.4 LTS ubuntu-xenial ttyS0

ubuntu-xenial login: [   46.000980] cloud-init[1554]: Cloud-init v. 17.2 running 'modules:final' at Fri, 16 Mar 2018 23:48:18 +0000. Up 45.75 seconds.
[   46.001487] cloud-init[1554]: Cloud-init v. 17.2 finished at Fri, 16 Mar 2018 23:48:18 +0000. Datasource DataSourceNoCloud [seed=/dev/sdb][dsmode=net].  Up 45.99 seconds
[[0;32m  OK  [0m] Stopped target Graphical Interface.
         Stopping Session 3 of user vagrant.
[[0;32m  OK  [0m] e         Stopping Serial Getty on ttyS0...
         Stopping LSB: automatic crash report generation...
         Stopping Unattended Upgrades Shutdown...
[[0;32m  OK  [0m] Stopped Daily apt upgrade and clean activities.
[[0;32m  OK  [0m] Stopped Daily apt download activities.
         Stopping LSB: VirtualBox Linux Additions...
         Stopping System Logging Service...
         Stopping Session 159 of user vagrant.
[[0;32m  OK  [0m] Stopped Apply the settings specified in cloud-config.
[[0;32m  OK  [0m] Stopped target Cloud-config availability.
         Stopping LSB: daemon to balance interrupts for SMP systems...
[[0;32m  OK  [0m] Stopped Timer to automatically refresh installed snaps.
[[0;32m  OK  [0m] Stopped target System Time Synchronized.
[[0;32m  OK  [0m] Unmounted /var/lib/lxcfs.
[[0;32m  OK  [0m] Stopped Accounts Service.
[[0;32m  OK  [0m] Stopped ACPI event daemon.
[[0;32m  OK  [0m] Stopped Deferred execution scheduler.
[[0;32m  OK  [0m] Stopped Regular background program processing daemon.
[[0;32m  OK  [0m] Stopped Snappy daemon.
[[0;32m  OK  [0m] Stopped OpenBSD Secure Shell server.
[[0;32m  OK  [0m] Stopped System Logging Service.
[[0;32m  OK  [0m] Stopped Authenticate and Authorize Users to Run Privileged Tasks.
[[0;32m  OK  [0m] Stopped Serial Getty on ttyS0.
[[0;32m  OK  [0m] Stopped Getty on tty1.
[[0;32m  OK  [0m] Stopped The PHP 7.0 FastCGI Process Manager.
[[0;32m  OK  [0m] Stopped Session 24 of user vagrant.
[[0;32m  OK  [0m] Stopped D-Bus System Message Bus.
[[0;32m  OK  [0m] Stopped Unattended Upgrades Shutdown.
[[0;32m  OK  [0m] Stopped Session 159 of user vagrant.
[[0;32m  OK  [0m] Stopped User Manager for UID 1000.
[[0;32m  OK  [0m] Stopped FUSE filesystem for LXC.
[[0;32m  OK  [0m] Stopped LXD - container startup/shutdown.
[[0;32m  OK  [0m] Removed slice system-getty.slice.
[[0;32m  OK  [0m] Removed slice system-serial\x2dgetty.slice.
[[0;32m  OK  [0m] Stopped /etc/rc.local Compatibility.
[[0;32m  OK  [0m] Stopped LSB: Record successful boot for GRUB.
[[0;32m  OK  [0m] Stopped LSB: Set the CPU Frequency Scaling governor to "ondemand".
[[0;32m  OK  [0m] Stopped LSB: MD monitoring daemon.
[[0;32m  OK  [0m] Stopped LSB: daemon to balance interrupts for SMP systems.
[[0;32m  OK  [0m] Stopped LSB: automatic crash report generation.
[[0;32m  OK  [0m] Stopped A high performance web server and a reverse proxy server.
[[0;32m  OK  [0m] Stopped Session 3 of user vagrant.
[[0;32m  OK  [0m] Stopped LSB: VirtualBox Linux Additions.
[[0;32m  OK  [0m] Removed slice User Slice of vagrant.
         Stopping Permit User Sessions...
         Stopping Login Service...
[[0;32m  OK  [0m] Stopped Permit User Sessions.
[[0;32m  OK  [0m] Stopped User Manager for UID 1000.
[[0;32m  OK  [0m] Stopped target Remote File Systems.
[[0;32m  OK  [0m] Stopped target Remote File Systems (Pre).
         Stopping Login to default iSCSI targets...
[[0;32m  OK  [0m] Stopped Login Service.
[[0;32m  OK  [0m] Stopped target User and Group Name Lookups.
[[0;32m  OK  [0m] Stopped Login to default iSCSI targets.
         Stopping iSCSI initiator daemon (iscsid)...
[[0;32m  OK  [0m] Stopped MySQL Community Server.
[[0;32m  OK  [0m] Stopped iSCSI initiator daemon (iscsid).
[[0;32m  OK  [0m] Stopped target Network is Online.
[[0;32m  OK  [0m] Stopped target Network.
[[0;32m  OK  [0m] Stopped target Basic System.
[[0;32m  OK  [0m] Stopped target Sockets.
[[0;32m  OK  [0m] Closed ACPID Listen Socket.
[[0;32m  OK  [0m] Closed D-Bus System Message Bus Socket.
[[0;32m  OK  [0m] Closed UUID daemon activation socket.
[[0;32m  OK  [0m] Closed Socket activation for snappy daemon.
[[0;32m  OK  [0m] Closed LXD - unix socket.
[[0;32m  OK  [0m] Closed Syslog Socket.
[[0;32m  OK  [0m] Stopped target Slices.
[[0;32m  OK  [0m] Removed slice User and Session Slice.
[[0;32m  OK  [0m] Stopped target Paths.
[[0;32m  OK  [0m] Stopped Dispatch Password Requests to Console Directory Watch.
[[0;32m  OK  [0m] Stopped Forward Password Requests to Wall Directory Watch.
[[0;32m  OK  [0m] Stopped ACPI Events Check.
[[0;32m  OK  [0m] Stopped target System Initialization.
         Stopping Load/Save Random Seed...
[[0;32m  OK  [0m] Stopped Initial cloud-init job (metadata service crawler).
         Stopping Raise network interfaces...
[[0;32m  OK  [0m] Stopped Create Volatile Files and Directories.
[[0;32m  OK  [0m] Stopped target Swap.
[[0;32m  OK  [0m] Stopped target Encrypted Volumes.
[[0;32m  OK  [0m] Stopped Load/Save Random Seed.
[[0;32m  OK  [0m] Stopped Raise network interfaces.
[[0;32m  OK  [0m] Stopped Apply Kernel Variables.
[[0;32m  OK  [0m] Stopped target Network (Pre).
[[0;32m  OK  [0m] Stopped Initial cloud-init job (pre-networking).
[[0;32m  OK  [0m] Stopped target Local File Systems.
         Unmounting /vagrant...
         Unmounting /run/user/1000...
         Unmounting /var/www/linkedtolocal...
[[0;32m  OK  [0m] Stopped Load Kernel Modules.
[[0;32m  OK  [0m] Unmounted /vagrant.
[[0;32m  OK  [0m] Unmounted /run/user/1000.
[[0;32m  OK  [0m] Unmounted /var/www/linkedtolocal.
[[0;32m  OK  [0m] Reached target Unmount All Filesystems.
[[0;32m  OK  [0m] Stopped target Local File Systems (Pre).
[[0;32m  OK  [0m] Stopped Create Static Device Nodes in /dev.
         Stopping Monitoring of LVM2 mirrors... dmeventd or progress polling...
[[0;32m  OK  [0m] Stopped Remount Root and Kernel File Systems.
[[0;32m  OK  [0m] Reached target Shutdown.
[17839.91] bo: ow dow
