[   0.000000] Initializing cgroup subsys cpuset
[    0.000000] Initializing cgroup subsys cu
[    0.000000] Initializing cgroup subsys cpuacct
[    0.000000] Linux version 4.4.0-121-generic (buildd@lcy01-amd64-004) (gcc version 5.4.0 20160609 (Ubuntu 5.4.0-6ubuntu1~16.04.9) ) #145-Ubuntu SMP Fri Apr 13 13:47:23 UTC 2018 (Ubuntu 4.4.0-121.145-generic 4.4.117)
[    0.000000] Command line: BOOT_IMAGE=/boot/vmlinuz-4.4.0-121-generic root=UUID=fcfda5dc-a0bf-4f9c-bbc4-aa7d2d92c8b4 ro console=tty1 console=ttyS0
[    0.000000] KERNEL supported cpus:
[    0.000000]   Intel GenuineIntel
[    0.000000]   AMD AuthenticAMD
[    0.000000]   Centaur CentaurHauls
[    0.000000] x86/fpu: xstte_ofset2] 576,xstesizes[2]:  26
[   00000] x86/fpu:SupporngSAVE feare0x01: 'x7 loating point reisters'
[   .0000] 6/fpuSuporting XSAVE feature 0x02: 'SSE registers'
[    0.000000] x86/fpu: Supporting XSAVE feature 0x04: 'AVX registers'
[    0.000000] x86/fpu: Enabled xstate features 0x7, context size is 832 bytes, using 'standard' format.
[    0.000000] x86/fpu: Using 'lazy' FPU context switches.
[    0.000000] e820: BIOS-provided physical RAM map:
[    0.000000] BIOS-e820: [mem 0x0000000000000000-0x000000000009fbff] able
[    0.000000] BIOS-e820: [mem 0x000000000009fc00-0x000000000009ffff] reserved
[    0.000000] BIO-e820: [m x0000000f000x00000000000fffff] reserved
[    0.000000] BIOS-e820: [mem 0x0000000000100000-0x000000001ffeffff] usable
[    0.000000]IOe820: [mem 0x00000001fff0000-0x000000001fffffff] ACPI data
[    0.000000] BIOS-e820: [mem 0x00000000fec00000-0x00000000fec00fff] reserved
[    0.000000] BIOS-e820: [mem 0x00000000fee000-0x00000000fee00fff] reserved
[    0.000000] BIOS-e820: [mem 0x00000000fffc0000-0x00000000ffffffff] reserved
[    0.000000] NX (Execute Disable) protection: active
[    0.000000] SMBIOS 2.5 present.
[    0.000000] Hypervisor detected: KVM
[    0.000000] e820: last_pfn = 0x1ff0 max_arch_pn = 0x400000000
[    0.000000] MTRR: Disabled
[    0000] x86/ATMTRRsisled,skping PAT initialization too.
[    0.000000] CPU MTRRs all blank - virtualized system.
[    0.000000] x86/PAT: Configuration [0-7]: WB  WT  UC- UC  WB  WT  UC- UC  
[    0.000000] found SMP MP-table at [mem 0x0009fff0-0x0009ffff] mapped at [ffff88000009ff0]
[    0.000000] Scanning 1 areas for low memory corruption
[    0.000000] RAMDISK: [mem 0x1e882000-0x1f77ffff]
[    0.000000] ACPI: Early table checksum verification disabled
[    0.000000] ACPI: RSDP 0x00000000000E0000 000024 (v02 VBOX  )
[    0.000000] ACPI: XSDT 0x000000001FFF0030 00003C (v01 VBOX   VBOXXSDT 00000001 ASL  00000061)
[    0.000000] ACPI: FACP 0x000000001FFF00F0 0000F4 (v04 VBOX   VBOXFACP 00000001 ASL  00000061)
[    0.000000] ACPI: DSDT 0x000000001FFF0470 0021FF (v02 VBOX   VBOXBIOS 00000002 INTL 20100528)
[    0.000000] ACPI: FACS 0x000000001FFF0200 000040
[    0.000000] ACPI: FACS 0x000000001FFF0200 000040
[    0.000000] ACPI: APIC 0x000000001FFF0240 00005C (v02 VBOX   VBOXAPIC 00000001 ASL  00000061)
[    0.000000] ACPI: SSDT 0x000000001FFF02A0 0001CC (01VBOX   VBOXCPUT00000002 INTL 20100528)
[    0.000000] No NUMA configuration found
[    0.000000] Faking anode at [mem 0x0000000000000000-0x000000001ffeffff]
[    0.000000] NODE_DATA(0) allocated [mem 0x1ffeb000-0x1ffeffff]
[    0.000000] kvm-clock: Using msrs 4b564d01 and 4b564d00
[    0.000000] kvm-clock: cpu 0, msr 0:1ffe3001, primary cpu clock
[    0.000000] kvm-clock: using sched offset of 3951504780 cycles
[    0.000000] clocksource: kvm-clock: mask: 0xffffffffffffffff max_cycles: 0x1cd42e4dffb, max_idle_ns: 881590591483 ns
[    0.000000] Zone ranges:
[    0.000000]   DMA      [mem 0x0000000000001000-0x0000000000ffffff]
[    0.000000]   DMA32    [mem 0x0000000001000000-0x000000001ffeffff]
[    0.000000]   Normal   empty
[    0.000000]   Device   empty
[    0.000000] Movable zone start for each node
[    0.000000] Early memory node ranges
[    0.000000]   node   0: [mem 0x0000000000001000-0x000000000009efff]
[    0.000000]   node    0: [mm 000000001000-000000001ffeffff]
[    00000]Initmem setup ode 0 [mem 0x000000000001000-0x000000001ffeffff]
[    0.000000] ACPI: M-imer IO Port: 0x4008
[    0.000000] IOAPIC[0]: apic_id 2, version 32, address 0xfec00000, GSI 0-23
[    0.000000] ACPI: INT_SRC_OVR (bus 0 bus_irq 0 global_irq 2 dfl dfl)
[    0.000000] ACPI: INT_SRC_OVR (bus 0 bus_irq 9 global_irq 9 low level)
[    0.000000] Using ACPI (MADT) for SMP configuration information
[    0.000000] smpboot: Allowing 2 CPUs, 0 hotplug CPUs
[    0.000000] PM: Registered nosave memory: [mem 0x00000000-0x00000fff]
[    0.000000] PM: Registered nosave memory: [mem 0x0009f000-0x0009ffff]
[    0.000000] PM: Registered nosave memory: [mem 0x000a0000-0x000effff]
[    0.000000] PM: Registered nosave memory: [mem 0x000f0000-0x000fffff]
[    0.000000] e820: [mem 0x20000000-0xfebfffff]available for PCI devices
[    0.000000] Booting paravirtualized kernel on KVM
[    0.000000] clocksource: refined-jiffies: mask: 0xffffffff max_cycles: 0xffffffff, max_idle_ns: 7645519600211568 ns
[    0.000000] setup_percpu: NR_CPUS:512 nr_cpumask_bits:512 nr_cpu_ids:2 nr_node_ids:1
[    0.000000] PERCPU: Embedded 34 pages/cpu @ffff88001fc00000 s99544 r8192 d31528 u1048576
[    0.000000] PV qspinlock hash table entries:256 rder: 0, 4096 bytes)
[    0.000000] Built 1 zonelists in Node order, mobility grouping on.  Total pages: 128888
[    0.000000] Policy zone: DMA32
[    0.000000] Kernel command line: BOOT_IMAGE=/boot/vmlinuz-4.4.0-121-generic root=UUID=fcfda5dc-a0bf-4f9c-bbc4-aa7d2d92c8b4 ro console=tty1 console=ttyS0
[    0.000000] PID hash table entries: 2048 (order: 2, 16384 bytes)
[    0.000000] Memory: 481092K/523832K available (8532K kernel code, 1313K rwdata, 3996K rodata, 1508K init, 1316K bss, 42740K reserved, 0K cma-reserved)
[    0.000000] SLUB: HWalign=64, Order=0-3, MinObjects=0, CPUs=2, Nodes=1
[    0.000000] Kernel/User page tables isolation: enabled
[    0.000000] Hierarchical RCU implementation.
[    0.000000] 	Build-tim adjustntof leaf fanout to 64.
[    0.000000] 	RCU restricting CPUs from NR_CPUS=512 to nr_cpu_ids=2.
[    0.000000] RCU: Adjusting geometry for rcu_fanout_leaf=64, nr_cpu_ids=2
[    0.000000] NR_IRQS:33024 nr_irqs:440 16
[    0.000000] Console: colour VGA+ 80x25
[    0.000000] console [tty1] enabled
[    0.000000] console [ttyS0] enabled
[    0.000000] tsc: Detected 2600.000 MHz processor
[    2.001625] Calibrating delay loop (skipped) preset value.. 5200.00 BogoMIPS (lpj=10400000)
[    2.009488] pid_max: default: 32768 minimum: 301
[    2.010502] ACPI: Core revision 20150930
[    2.012242] ACPI: 2 ACPI AML tables successfully acquired and loaded
[    2.013751] Security Framework initialized
[    2.035399] Yama: becoming mindful.
[    2.036238] AppArmor: AppArmor initialized
[    2.037242] Dentry cache hash table entries: 65536 (order: 7, 524288 bytes)
[    2.075229] Inode-cache hash table entries: 32768 (order: 6, 262144 bytes)
[    2.126088] Mount-cache hash table entries: 1024 (order: 1, 8192 bytes)
[    2.139936] Mountpoint-cache hash table entries: 1024 (order: 1, 8192 bytes)
[    2.141856] Initializing cgroup subsys io
[    2.142778] Initializing cgroup subsys memory
[    2.143747] Initializing cgroup subsys devices
[    2.157196] Initializing cgroup subsys freezer
[    2.163625] Initializing cgroup subsys net_cls
[    2.164629] Initializing cgroup subsys perf_event
[    2.166810] Initializing cgroup subsys net_prio
[    2.167809] Initializing cgroup subsys hugetlb
[    2.168809] Initializing cgroup subsys pids
[    2.169825] CPU: Physical Processor ID: 0
[    2.170730] CPU: Processor Core ID: 0
[    2.171587] FEATURE SPEC_CTRL Not Present
[    2.173381] mce: CPU supports 0 MCE banks
[    2.229944] Last level iTLB entries: 4KB 1024, 2MB 1024, 4MB 1024
[    2.231206] Last level dTLB entries: 4KB 1024, 2MB 1024, 4MB 1024, 1GB 4
[    2.232567] Spectre V2 mitigation: Mitigation: Full generic retpoline
[    2.233909] Spectre V2 mitigation: Speculation control IBPB not-supported IBRS not-supported
[    2.262032] Freeing SMP alternatives memory: 32K
[    2.280814] ftrace: allocating 32202 entries in 126 pages
[    2.419558] smpboot: APIC(0) Converting physical 0 to logical package 0
[    2.426661] smpboot: Max logical packages: 1
[    2.475517] x2apic enabled
[    2.488754] Switched APIC routing to physical x2apic.
[    2.554216] ..TIMER: vector=0x30 apic1=0 pin1=2 apic2=-1 pin2=-1
[    2.697504] smpboot: CPU0: Intel(R) Core(TM) i5-4278U CPU @ 2.60GHz (family: 0x6, model: 0x45, stepping: 0x1)
[    2.794061] Performance Events: unsupported p6 CPU model 69 no PMU driver, software events only.
[    2.821709] KVM setup paravirtual spinlock
[    2.842853] x86: Booting SMP configuration:
[    2.888806] .... node  #0, CPUs:      #1
[    2.943149] kvm-clock: cpu 1, msr 0:1ffe3041, secondary cpu clock
[    2.953087] mce: CPU supports 0 MCE banks
[    2.957697] x86: Booted up 1 node, 2 CPUs
[    2.995789] smpboot: Total of 2 processors activated (10400.00 BogoMIPS)
[    2.998921] devtmpfs: initialized
[    3.027158] evm: security.selinux
[    3.039090] evm: security.SMACK64
[    3.039906] evm: security.SMACK64EXEC
[    3.040753] evm: security.SMACK64TRANSMUTE
[    3.073407] evm: security.SMACK64MMAP
[    3.074273] evm: security.ima
[    3.077142] evm: security.capability
[    3.097638] clocksource: jiffies: mask: 0xffffffff max_cycles: 0xffffffff, max_idle_ns: 7645041785100000 ns
[    3.127672] futex hash table entries: 512 (order: 3, 32768 bytes)
[    3.129109] pinctrl core: initialized pinctrl subsystem
[    3.130355] RTC time: 16:24:29, date: 05/07/18
[    3.131545] NET: Registered protocol family 16
[    3.143490] cpuidle: using governor ladder
[    3.163346] cpuidle: using governor menu
[    3.167043] PCCT header not found.
[    3.167932] ACPI: bus type PCI registered
[    3.168858] acpiphp: ACPI Hot Plug PCI Controller Driver version: 0.5
[    3.170286] PCI: Using configuration type 1 for base access
[    3.184191] ACPI: Added _OSI(Module Device)
[    3.189183] ACPI: Added _OSI(Processor Device)
[    3.190195] ACPI: Added _OSI(3.0 _SCP Extensions)
[    3.191284] ACPI: Added _OSI(Processor Aggregator Device)
[    3.193101] ACPI: Executed 1 blocks of module-level executable AML code
[    3.196587] ACPI: Interpreter enabled
[    3.197464] ACPI: (supports S0 S5)
[    3.198274] ACPI: Using IOAPIC for interrupt routing
[    3.203619] PCI: Using host bridge windows from ACPI; if necessary, use "pci=nocrs" and report a bug
[    3.209095] ACPI: PCI Root Bridge [PCI0] (domain 0000 [bus 00-ff])
[    3.212246] acpi PNP0A03:00: _OSC: OS supports [ASPM ClockPM Segments MSI]
[    3.213665] acpi PNP0A03:00: _OSC: not requesting OS control; OS requires [ExtendedConfig ASPM ClockPM MSI]
[    3.227038] acpi PNP0A03:00: fail to add MMCONFIG information, can't access extended PCI configuration space under this bridge.
[    3.230701] PCI host bridge to bus 0000:00
[    3.231634] pci_bus 0000:00: root bus resource [io  0x0000-0x0cf7 window]
[    3.236090] pci_bus 0000:00: root bus resource [io  0x0d00-0xffff window]
[    3.237517] pci_bus 0000:00: root bus resource [mem 0x000a0000-0x000bffff window]
[    3.239399] pci_bus 0000:00: root bus resource [mem 0x20000000-0xfdffffff window]
[    3.241101] pci_bus 0000:00: root bus resource [bus 00-ff]
[    3.243795] pci 0000:00:01.1: legacy IDE quirk: reg 0x10: [io  0x01f0-0x01f7]
[    3.245247] pci 0000:00:01.1: legacy IDE quirk: reg 0x14: [io  0x03f6]
[    3.246592] pci 0000:00:01.1: legacy IDE quirk: reg 0x18: [io  0x0170-0x0177]
[    3.256867] pci 0000:00:01.1: legacy IDE quirk: reg 0x1c: [io  0x0376]
[    3.268038] pci 0000:00:07.0: quirk: [io  0x4000-0x403f] claimed by PIIX4 ACPI
[    3.303364] pci 0000:00:07.0: quirk: [io  0x4100-0x410f] claimed by PIIX4 SMB
[    3.311861] ACPI: PCI Interrupt Link [LNKA] (IRQs 5 9 10 *11)
[    3.323652] ACPI: PCI Interrupt Link [LNKB] (IRQs 5 9 *10 11)
[    3.325317] ACPI: PCI Interrupt Link [LNKC] (IRQs 5 *9 10 11)
[    3.326981] ACPI: PCI Interrupt Link [LNKD] (IRQs 5 9 10 *11)
[    3.328693] ACPI: Enabled 2 GPEs in block 00 to 07
[    3.330171] vgaarb: setting as boot device: PCI:0000:00:02.0
[    3.355470] vgaarb: device added: PCI:0000:00:02.0,decodes=io+mem,owns=io+mem,locks=none
[    3.359697] vgaarb: loaded
[    3.360269] vgaarb: bridge control possible 0000:00:02.0
[    3.362983] SCSI subsystem initialized
[    3.364059] ACPI: bus type USB registered
[    3.378346] usbcore: registered new interface driver usbfs
[    3.389194] usbcore: registered new interface driver hub
[    3.391489] usbcore: registered new device driver usb
[    3.418877] PCI: Using ACPI for IRQ routing
[    3.446489] NetLabel: Initializing
[    3.447324] NetLabel:  domain hash size = 128
[    3.448284] NetLabel:  protocols = UNLABELED CIPSOv4
[    3.449381] NetLabel:  unlabeled traffic allowed by default
[    3.450711] amd_nb: Cannot enumerate AMD northbridges
[    3.451841] clocksource: Switched to clocksource kvm-clock
[    34524Aprmr:ppmoFisyemnabled
[   3.9325]pnp: nPCPin
  4.42] p:nPCP fun3 vis
[    4.733022] clocksource: acpi_pm: mask: 0xffffff max_cycles: 0xffffff, max_idle_ns: 2085701024 ns
[    4.738841] NET: Registered protocol family 2
[    4.762350] TCP established hash table entries: 4096 (order: 3, 32768 bytes)
[    4.766228] TCP bind hash table entries: 4096 (order: 4, 65536 bytes)
[    4.769935] TCP: Hash tables configured (established 4096 bind 4096)
[    4.771263] UDP hash table entries: 256 (order: 1, 8192 bytes)
[    4.772505] UDP-Lite hash table entries: 256 (order: 1, 8192 bytes)
[    4.773839] NET: Registered protocol family 1
[    4.774829] pci 0000:00:00.0: Limiting direct PCI/PCI transfers
[    4.776109] pci 0000:00:01.0: Activating ISA DMA hang workarounds
[    4.778871] Unpacking initramfs...
[    5.022475] Freeing initrd memory: 15352K
[    5.041728] RAPL PMU detected, API unit is 2^-32 Joules, 4 fixed counters 10737418240 ms ovfl timer
[    5.114600] hw unit of domain pp0-core 2^-0 Joules
[    5.137122] hw unit of domain package 2^-0 Joules
[    5.138298] hw unit of domain dram 2^-0 Joules
[    5.145948] hw unit of domain pp1-gpu 2^-0 Joules
[    5.148435] platform rtc_cmos: registered platform RTC device (no PNP device found)
[    5.150193] Scanning for low memory corruption every 60 seconds
[    5.151833] audit: initializing netlink subsys (disabled)
[    5.157088] audit: type=2000 audit(1525710273.753:1): initialized
[    5.159019] Initialise system trusted keyring
[    5.160713] HugeTLB registered 2 MB page size, pre-allocated 0 pages
[    5.165235] zbud: loaded
[    5.166650] VFS: Disk quotas dquot_6.6.0
[    5.167895] VFS: Dquot-cache hash table entries: 512 (order 0, 4096 bytes)
[    5.170182] squashfs: version 4.0 (2009/01/31) Phillip Lougher
[    5.213247] fuse init (API version 7.23)
[    5.268725] Key type big_key registered
[    5.269642] Allocating IMA MOK and blacklist keyrings.
[    5.274813] Key type asymmetric registered
[    5.325475] Asymmetric key parser 'x509' registered
[    5.356656] Block layer SCSI generic (bsg) driver version 0.4 loaded (major 249)
[    5.358444] io scheduler noop registered
[    5.359376] io scheduler deadline registered (default)
[    5.395618] io scheduler cfq registered
[    5.439327] pci_hotplug: PCI Hot Plug PCI Core version: 0.5
[    5.472666] pciehp: PCI Express Hot Plug Controller Driver version: 0.4
[    5.474228] ACPI: AC Adapter [AC] (on-line)
[    5.536169] input: Power Button as /devices/LNXSYSTM:00/LNXPWRBN:00/input/input0
[    5.575159] ACPI: Power Button [PWRF]
[    5.594164] input: Sleep Button as /devices/LNXSYSTM:00/LNXSLPBN:00/input/input1
[    5.689556] ACPI: Sleep Button [SLPF]
[    5.738848] GHES: HEST is not enabled!
[    5.787648] Serial: 8250/16550 driver, 32 ports, IRQ sharing enabled
[    5.861621] 00:02: ttyS0 at I/O 0x3f8 (irq = 4, base_baud = 115200) is a 16550A
[    6.033711] Linux agpgart interface v0.103
[    6.042664] loop: module loaded
[    6.139812] scsi host0: ata_piix
[    6.174514] tsc: Refined TSC clocksource calibration: 2600.107 MHz
[    6.205714] clocksource: tsc: mask: 0xffffffffffffffff max_cycles: 0x257aa10413b, max_idle_ns: 440795215956 ns
[    6.205941] scsi host1: ata_piix
[    6.206014] ata1: PATA max UDMA/33 cmd 0x1f0 ctl 0x3f6 bmdma 0xd000 irq 14
[    6.206015] ata2: PATA max UDMA/33 cmd 0x170 ctl 0x376 bmdma 0xd008 irq 15
[    6.206147] libphy: Fixed MDIO Bus: probed
[    6.206151] tun: Universal TUN/TAP device driver, 1.6
[    6.206152] tun: (C) 1999-2004 Max Krasnyansky <maxk@qualcomm.com>
[    6.239560] PPP generic driver version 2.4.2
[    6.239663] ehci_hcd: USB 2.0 'Enhanced' Host Controller (EHCI) Driver
[    6.239671] ehci-pci: EHCI PCI platform driver
[    6.239695] ehci-platform: EHCI generic platform driver
[    6.239707] ohci_hcd: USB 1.1 'Open' Host Controller (OHCI) Driver
[    6.239717] ohci-pci: OHCI PCI platform driver
[    6.239730] ohci-platform: OHCI generic platform driver
[    6.239741] uhci_hcd: USB Universal Host Controller Interface driver
[    6.239858] i8042: PNP: PS/2 Controller [PNP0303:PS2K,PNP0f03:PS2M] at 0x60,0x64 irq 1,12
[    6.240443] serio: i8042 KBD port at 0x60,0x64 irq 1
[    6.240449] serio: i8042 AUX port at 0x60,0x64 irq 12
[    6.240612] mousedev: PS/2 mouse device common for all mice
[    6.241062] input: AT Translated Set 2 keyboard as /devices/platform/i8042/serio0/input/input2
[    6.241506] rtc_cmos rtc_cmos: rtc core: registered rtc_cmos as rtc0
[    6.241581] rtc_cmos rtc_cmos: alarms up to one day, 114 bytes nvram
[    6.241590] i2c /dev entries driver
[    6.241670] device-mapper: uevent: version 1.0.3
[    6.241758] device-mapper: ioctl: 4.34.0-ioctl (2015-10-28) initialised: dm-devel@redhat.com
[    6.241778] ledtrig-cpu: registered to indicate activity on CPUs
[    6.242053] NET: Registered protocol family 10
[    6.242197] NET: Registered protocol family 17
[    6.242205] Key type dns_resolver registered
[    6.242491] registered taskstats version 1
[    6.242510] Loading compiled-in X.509 certificates
[    6.243322] Loaded X.509 cert 'Build time autogenerated kernel key: 1980cda84f1f26b64be4db6155d00e7fd6d05190'
[    6.243413] zswap: loaded using pool lzo/zbud
[    6.246105] Key type trusted registered
[    6.250358] Key type encrypted registered
[    6.250366] AppArmor: AppArmor sha1 policy hashing enabled
[    6.250370] ima: No TPM chip found, activating TPM-bypass!
[    6.250387] evm: HMAC attrs: 0x1
[    6.250780]   Magic number: 2:590:438
[    6.252559] rtc_cmos rtc_cmos: setting system clock to 2018-05-07 16:24:32 UTC (1525710272)
[    6.252682] BIOS EDD facility v0.16 2004-Jun-25, 0 devices found
[    6.252683] EDD information not available.
[    6.485984] Freeing unused kernel memory: 1508K
[    6.768293] Write protecting the kernel read-only data: 14336k
[    7.880889] Freeing unused kernel memory: 1696K
[    7.926196] Freeing unused kernel memory: 100K
Loading, please [    7.941580] random: systemd-udevd: uninitialized urandom read (16 bytes read, 3 bits of entropy available)
wait...
starting version 229
[    7.942194] random: udevadm: uninitialized urandom read (16 bytes read, 3 bits of entropy available)
[    7.942219] random: udevadm: uninitialized urandom read (16 bytes read, 3 bits of entropy available)
[    7.953306] random: udevadm: uninitialized urandom read (16 bytes read, 3 bits of entropy available)
[    7.953356] random: udevadm: uninitialized urandom read (16 bytes read, 3 bits of entropy available)
[    7.953529] random: udevadm: uninitialized urandom read (16 bytes read, 3 bits of entropy available)
[    7.953596] random: udevadm: uninitialized urandom read (16 bytes read, 3 bits of entropy available)
[    7.953662] random: udevadm: uninitialized urandom read (16 bytes read, 3 bits of entropy available)
[    7.953730] random: udevadm: uninitialized urandom read (16 bytes read, 3 bits of entropy available)
[    7.953795] random: udevadm: uninitialized urandom read (16 bytes read, 3 bits of entropy available)
[    8.225065] e1000: Intel(R) PRO/1000 Network Driver - version 7.3.21-k8-NAPI
[    8.247752] e1000: Copyright (c) 1999-2006 Intel Corporation.
[    8.249844] Fusion MPT base driver 3.04.20
[    8.266125] Copyright (c) 1999-2008 LSI Corporation
[    8.274083] Fusion MPT SPI Host driver 3.04.20
[    8.299013] AVX2 version of gcm_enc/dec engaged.
[    8.308685] AES CTR mode by8 optimization enabled
[    8.478605] input: ImExPS/2 Generic Explorer Mouse as /devices/platform/i8042/serio1/input/input4
[    8.668284] e1000 0000:00:03.0 eth0: (PCI:33MHz:32-bit) 02:20:cd:a9:28:ef
[    8.670893] e1000 0000:00:03.0 eth0: Intel(R) PRO/1000 Network Connection
[    8.677563] mptbase: ioc0: Initiating bringup
[    8.955826] ioc0: LSI53C1030 A0: Capabilities={Initiator}
[    9.936378] scsi host2: ioc0: LSI53C1030 A0, FwRev=00000000h, Ports=1, MaxQ=256, IRQ=20
[   10.425685] scsi 2:0:0:0: Direct-Access     VBOX     HARDDISK         1.0  PQ: 0 ANSI: 5
[   10.880981] scsi target2:0:0: Beginning Domain Validation
[   10.884733] scsi target2:0:0: Domain Validation skipping write tests
[   10.914688] scsi target2:0:0: Ending Domain Validation
[   10.933019] scsi target2:0:0: asynchronous
[   10.945169] scsi 2:0:1:0: Direct-Access     VBOX     HARDDISK         1.0  PQ: 0 ANSI: 5
[   10.957365] scsi target2:0:1: Beginning Domain Validation
[   10.959456] scsi target2:0:1: Domain Validation skipping write tests
[   10.960853] scsi target2:0:1: Ending Domain Validation
[   10.962057] scsi target2:0:1: asynchronous
[   10.988728] sd 2:0:0:0: [sda] 20971520 512-byte logical blocks: (10.7 GB/10.0 GiB)
[   10.993269] sd 2:0:0:0: Attached scsi generic sg0 type 0
[   11.005650] sd 2:0:0:0: [sda] Write Protect is off
[   11.006893] sd 2:0:0:0: [sda] Incomplete mode parameter data
[   11.008175] sd 2:0:0:0: [sda] Assuming drive cache: write through
[   11.010532] sd 2:0:1:0: [sdb] 20480 512-byte logical blocks: (10.5 MB/10.0 MiB)
[   11.015371] sd 2:0:1:0: [sdb] Write Protect is off
[   11.021874]  sda: sda1
[   11.022903] sd 2:0:1:0: Attached scsi generic sg1 type 0
[   11.024338] sd 2:0:0:0: [sda] Attached SCSI disk
[   11.025655] sd 2:0:1:0: [sdb] Incomplete mode parameter data
[   11.026913] sd 2:0:1:0: [sdb] Assuming drive cache: write through
[   11.047122] sd 2:0:1:0: [sdb] Attached SCSI disk
[   11.256293] e1000 0000:00:08.0 eth1: (PCI:33MHz:32-bit) 08:00:27:2c:13:6b
[   11.345176] e1000 0000:00:08.0 eth1: Intel(R) PRO/1000 Network Connection
[   11.407158] e1000 0000:00:08.0 enp0s8: renamed from eth1
[   11.495996] e1000 0000:00:03.0 enp0s3: renamed from eth0
Begin: Loading e[   13.225539] md: linear personality registered for level -1
ssential drivers ... [   13.252770] md: multipath personality registered for level -4
[   13.258975] md: raid0 personality registered for level 0
[   13.270068] md: raid1 personality registered for level 1
[   13.348174] raid6: sse2x1   gen()  9293 MB/s
[   13.425357] raid6: sse2x1   xor()  7611 MB/s
[   13.507870] raid6: sse2x2   gen() 12040 MB/s
[   13.612071] raid6: sse2x2   xor()  8016 MB/s
[   13.691873] raid6: sse2x4   gen() 13383 MB/s
[   13.804737] raid6: sse2x4   xor() 10126 MB/s
[   13.935390] raid6: avx2x1   gen() 19694 MB/s
[   14.024106] raid6: avx2x2   gen() 21661 MB/s
[   14.132148] raid6: avx2x4   gen() 15892 MB/s
[   14.152732] raid6: using algorithm avx2x2 gen() 21661 MB/s
[   14.275182] raid6: using avx2x2 recovery algorithm
[   14.382119] xor: automatically using best checksumming function:
[   14.492032]    avx       : 18699.000 MB/sec
[   14.546682] async_tx: api initialized (async)
[   14.595722] md: raid6 personality registered for level 6
[   14.671346] md: raid5 personality registered for level 5
[   14.732815] md: raid4 personality registered for level 4
[   14.813959] md: raid10 personality registered for level 10
done.
Begin: Running /scripts/init-premount ... done.
Begin: Mounting root file system ... Begin: Running /scripts/local-top ... done.
Begin: Running /scripts/local-premount ... [   14.893631] Btrfs loaded
Scanning for Btrfs filesystems
done.
Warning: fsck not present, so sk[   14.924185] EXT4-fs (sda1): INFO: recovery required on readonly filesystem
ipping root file[   14.976441] EXT4-fs (sda1): write access will be enabled during recovery
 system
[   15.555592] EXT4-fs (sda1): recovery complete
[   16.041085] EXT4-fs (sda1): mounted filesystem with ordered data mode. Opts: (null)
done.
[   17.094274] random: nonblocking pool is initialized
Begin: Running /scripts/local-bottom ... done.
Begin: Running /scripts/init-bottom ... done.
[   17.944884] systemd[1]: systemd 229 running in system mode. (+PAM +AUDIT +SELINUX +IMA +APPARMOR +SMACK +SYSVINIT +UTMP +LIBCRYPTSETUP +GCRYPT +GNUTLS +ACL +XZ -LZ4 +SECCOMP +BLKID +ELFUTILS +KMOD -IDN)
[   18.288893] systemd[1]: Detected virtualization oracle.
[   18.316631] systemd[1]: Detected architecture x86-64.

Welcome to [1mUbuntu 16.04.4 LTS[0m!

[   18.388320] systemd[1]: Set hostname to <ubuntu-xenial>.
[   19.766188] systemd[1]: Listening on Journal Socket (/dev/log).
[[0;32m  OK  [0m] Listening on Journal Socket (/dev/log).
[   19.952513] systemd[1]: Reached target Swap.
[[0;32m  OK  [0m] Reached target Swap.
[   20.016183] systemd[1]: Listening on LVM2 poll daemon socket.
[[0;32m  OK  [0m] Listening on LVM2 poll daemon socket.
[   20.073450] systemd[1]: Created slice User and Session Slice.
[[0;32m  OK  [0m] Created slice User and Session Slice.
[   20.112505] systemd[1]: Set up automount Arbitrary Executable File Formats File System Automount Point.
[[0;32m  OK  [0m] Set up automount Arbitrary Executab...ats File System Automount Point.
[   20.152417] systemd[1]: Reached target System Time Synchronized.
[[0;32m  OK  [0m] Reached target System Time Synchronized.
[   20.157140] systemd[1]: Listening on Device-mapper event daemon FIFOs.
[[0;32m  OK  [0m] Listening on Device-mapper event daemon FIFOs.
[   20.208304] systemd[1]: Listening on Syslog Socket.
[[0;32m  OK  [0m] Listening on Syslog Socket.
[   20.220689] systemd[1]: Listening on LVM2 metadata daemon socket.
[[0;32m  OK  [0m] Listening on LVM2 metadata daemon socket.
[   20.288219] systemd[1]: Listening on udev Control Socket.
[[0;32m  OK  [0m] Listening on udev Control Socket.
[   20.309610] systemd[1]: Listening on udev Kernel Socket.
[[0;32m  OK  [0m] Listening on udev Kernel Socket.
[   20.326802] systemd[1]: Reached target Encrypted Volumes.
[[0;32m  OK  [0m] Reached target Encrypted Volumes.
[   20.352565] systemd[1]: Reached target User and Group Name Lookups.
[[0;32m  OK  [0m] Reached target User and Group Name Lookups.
[   20.425033] systemd[1]: Started Trigger resolvconf update for networkd DNS.
[[0;32m  OK  [0m] Started Trigger resolvconf update for networkd DNS.
[   20.584391] systemd[1]: Started Forward Password Requests to Wall Directory Watch.
[[0;32m  OK  [0m] Started Forward Password Requests to Wall Directory Watch.
[   20.756323] systemd[1]: Listening on Journal Socket.
[[0;32m  OK  [0m] Listening on Journal Socket.
[   20.792336] systemd[1]: Listening on /dev/initctl Compatibility Named Pipe.
[[0;32m  OK  [0m] Listening on /dev/initctl Compatibility Named Pipe.
[   20.901242] systemd[1]: Created slice System Slice.
[[0;32m  OK  [0m] Created slice System Slice.
[   21.044432] systemd[1]: Starting Load Kernel Modules...
[   1.55] adingiSI anorcls .070
         Starting Load Kernel Modules...
[   21.672487] systemd[1]: Reached target Slices.
[[0;32m  OK  [0m] Reached target Slices.
[   21.731913] iscsi: registered transport (tcp)
[   21.736489] systemd[1]: Mounting Debug File System...
         Mounting Debug File System...
[   21.780891] systemd[1]: Starting Set console keymap...
         Starting Set console keymap...
[   21.812107] systemd[1]: Starting Nameserver information manager...
         Starting Nameserver information manager...
[   21.829297] systemd[1]: Starting Uncomplicated firewall...
         Starting Uncomplicated firewall...
[   21.961964] systemd[1]: Created slice system-postgresql.slice.
[[0;32m  OK  [0m] Created slice system-postgresql.slice.
[   21.996629] systemd[1]: Created slice system-serial\x2dgetty.slice.
[[0;32m  OK  [0m] Created slice system-serial\x2dgetty.slice.
[   22.036228] systemd[1]: Mounting POSIX Message Queue File System...
         Mounting POSIX Message Queue File System...
[   22.043431] systemd[1]: Mounting Huge Pages File System...
         Mounting Huge Pages File System...
[   22.075309] systemd[1]: Starting Remount Root and Kernel File Systems...
         Starting Remount Root and Kernel File Systems...[   22.116306] EXT4-fs (sda1): re-mounted. Opts: (null)

[   22.190534] iscsi: registered transport (iser)
[   22.216128] systemd[1]: Listening on Journal Audit Socket.
[[0;32m  OK  [0m] Listening on Journal Audit Socket.
[   22.252382] systemd[1]: Starting Journal Service...
         Starting Journal Service...
[   22.320748] systemd[1]: Starting Create list of required static device nodes for the current kernel...
         Starting Create list of required st... nodes for the current kernel...
[   22.424057] systemd[1]: Starting Monitoring of LVM2 mirrors, snapshots etc. using dmeventd or progress polling...
         Starting Monitoring of LVM2 mirrors... dmeventd or progress polling...
[   22.581553] systemd[1]: Mounted POSIX Message Queue File System.
[[0;32m  OK  [0m] Mounted POSIX Message Queue File System.
[  22.8914] systemd1]: Moutted Debug File System.
[[0;32m  OK  [0m] Mounted Debug File System.
[ 2224862] systemd[]: Mounted Huge Pages File System.

[[0;32m  OK  [0m] Mounted Huge Pages File System.
[   20905systemd[: Started Journal Service.
[[0;32m  OK  [0m ] Started Journal Service.
[[0;32m  OK  [0m] Started Load Kernel Modules.
[[0;32m  OK  [0m] Started Set console keymap.
[[0;32m  OK  [0m] Started Uncomplicated firewall.
[[0;32m  OK  [0m] Started Remount Root and Kernel File Systems.
[[0;32m  OK  [0m] Started Create list of required sta...ce nodes for the current kernel.
[[0;32m  OK  [0m] Started Nameserver information manager.
[[0;32m  OK  [0m] Started LVM2 metadata daemon.
         Starting Create Static Device Nodes in /dev...
         Starting Load/Save Random Seed...
         Starting Initial cloud-init job (pre-networking)...
         Starting udev Coldplug all Devices...
         Mounting FUSE Control File System...
         Starting Apply Kernel Variables...
         Starting Flush Journal to Persistent Storage...
[[0;32m  OK  [0m] Mounted FUSE Control File System.
[[0;32m  OK  [0m] Started Load/Save Random Seed.
[   23.756022] systemd-journald[408]: Received request to flush runtime journal from PID 1
[[0;32m  OK  [0m] Started Apply Kernel Variables.
[[0;32m  OK  [0m] Started Flush Journal to Persistent Storage.
[[0;32m  OK  [0m] Started udev Coldplug all Devices.
[[0;32m  OK  [0m] Started Create Static Device Nodes in /dev.
[[0;32m  OK  [0m] Started Monitoring of LVM2 mirrors,...ng dmeventd or progress polling.
         Starting udev Kernel Device Manager...
[[0;32m  OK  [0m] Started udev Kernel Device Manager.
[[0;32m  OK  [0m] Reached target Local File Systems (Pre).
[[0;32m  OK  [0m] Reached target Local File Systems.
         Starting LSB: AppArmor initialization...
         Starting Create Volatile Files and Directories...
         Starting Tell Plymouth To Write Out Runtime Data...
         Starting Set console font and keymap...
[[0;32m  OK  [0m] Started Dispatch Password Requests to Console Directory Watch.
[[0;32m  OK  [0m] Started Tell Plymouth To Write Out Runtime Data.
[[0;32m  OK  [0m] Found device /dev/ttyS0.
[[0;32m  OK  [0m] Started Create Volatile Files and Directories.
         Starting Update UTMP about System Boot/Shutdown...
[[0;32m  OK  [0m] Started Update UTMP about System Boot/Shutdown.
[[0;32m  OK  [0m] Found device 82540EM Gigabit Ethern...r (PRO/1000 MT Desktop Adapter).
[[0;32m  OK  [0m] Found device 82540EM Gigabit Ethern...r (PRO/1000 MT Desktop Adapter).
[[0;32m  OK  [0m] Listening on Load/Save RF Kill Switch Status /dev/rfkill Watch.
[[0;32m  OK  [0m] Started Set console font and keymap.
[[0;32m  OK  [0m] Created slice system-getty.slice.
[[0;32m  OK  [0m] Started LSB: AppArmor initialization.
[   27.684239] cloud-init[437]: Cloud-init v. 17.2 running 'init-local' at Mon, 07 May 2018 16:24:56 +0000. Up 27.07 seconds.
[[0;32m  OK  [0m] Started Initial cloud-init job (pre-networking).
[[0;32m  OK  [0m] Reached target Network (Pre).
         Starting Raise network interfaces...
[[0;32m  OK  [0m] Started ifup for enp0s8.
[[0;32m  OK  [0m] Started ifup for enp0s3.
[[0;32m  OK  [0m] Started Raise network interfaces.
         Starting Initial cloud-init job (metadata service crawler)...
[[0;32m  OK  [0m] Reached target Network.
[   29.882337] cloud-init[1041]: Cloud-init v. 17.2 running 'init' at Mon, 07 May 2018 16:24:58 +0000. Up 29.15 seconds.
[   29.952457] [cloud-init[0;32m  OK  [0m[1041]: ] ci-info: ++++++++++++++++++++++++++++++++++++++Net device info++++++++++++++++++++++++++++++++++++++Started Initial cloud-init job (metadata service crawler).

[   29.952874] cloud-init[1041]: ci-info: +--------+------+-----------------------------+---------------+-------+-------------------+
[   30.149238] [cloud-init[0;32m  OK  [0m[1041]: ] ci-info: | Device |  Up  |           Address           |      Mask     | Scope |     Hw-Address    |Reached target Network is Online.

[   30.252905] cloud-init[1041]: ci-info: +--------+------+-----------------------------+---------------+-------+-------------------+
[   30.292522] cloud-init[1041]: ci-info: | enp0s3 | True |          10.0.2.15          | 255.255.255.0 |   .   | 02:20:cd:a9:28:ef |
[   30.318360] cloud-init[1041]: ci-info: | enp0s3 | True |  fe80::20:cdff:fea9:28ef/64 |       .       |  link | 02:20:cd:a9:28:ef |
         Starting iSCSI initiator daemon (iscsid)...
[[0;32m  OK  [0m] Reached target System Initialization.
[   30.329307] cloud-init[1041]: ci-info: | enp0s8 | True |        192.168.33.12        | 255.255.255.0 |   .   | 08:00:27:2c:13:6b |
[   30.360863] cloud-init[1041]: ci-info: | enp0s8 | True | fe80::a00:27ff:fe2c:136b/64 |       .       |  link | 08:00:27:2c:13:6b |
[   30.360956] cloud-init[1041]: ci-info: |   lo   | True |          127.0.0.1          |   255.0.0.0   |   .   |         .         |
[   30.361076] cloud-init[1041]: ci-info: |   lo   | True |           ::1/128           |       .       |  host |         .         |
[   30.361156] cloud-init[1041]: ci-info: +--------+------+-----------------------------+---------------+-------+-------------------+
[   30.361212] cloud-init[1041]: ci-info: ++++++++++++++++++++++++++++Route IPv4 info++++++++++++++++++++++++++++
[   30.361268] cloud-init[1041]: ci-info: +-------+--------------+----------+---------------+-----------+-------+
[   30.361322] cloud-init[1041]: ci-info: | Route | Destination  | Gateway  |    Genmask    | Interface | Flags |
[   30.361376] cloud-init[1041]: ci-info: +-------+--------------+----------+---------------+-----------+-------+
[   30.361429] cloud-init[1041]: ci-info: |   0   |   0.0.0.0    | 10.0.2.2 |    0.0.0.0    |   enp0s3  |   UG  |
[   30.361483] cloud-init[1041]: ci-info: |   1   |   10.0.2.0   | 0.0.0.0  | 255.255.255.0 |   enp0s3  |   U   |
[   30.361537] cloud-init[1041]: ci-info: |   2   | 192.168.33.0 | 0.0.0.0  | 255.255.255.0 |   enp0s8  |   U   |
[   30.361594] cloud-init[1041]: ci-info: +-------+--------------+----------+---------------+-----------+-------+
[[0;32m  OK  [0m] Listening on UUID daemon activation socket.
[[0;32m  OK  [0m] Started Daily apt download activities.
[[0;32m  OK  [0m] Started Timer to automatically refresh installed snaps.
[[0;32m  OK  [0m] Started ACPI Events Check.
[[0;32m  OK  [0m] Reached target Paths.
[[0;32m  OK  [0m] Started Daily Cleanup of Temporary Directories.
         Starting Socket activation for snappy daemon.
[[0;32m  OK  [0m] Started Daily apt upgrade and clean activities.
[[0;32m  OK  [0m] Listening on D-Bus System Message Bus Socket.
[[0;32m  OK  [0m] Listening on ACPID Listen Socket.
         Starting LXD - unix socket.
[[0;32m  OK  [0m] Reached target Timers.
[[0;32m  OK  [0m] Reached target Cloud-config availability.
[[0;32m  OK  [0m] Listening on Socket activation for snappy daemon.
[[0;32m  OK  [0m] Listening on LXD - unix socket.
[[0;32m  OK  [0m] Started iSCSI initiator daemon (iscsid).
         Starting Login to default iSCSI targets...
[[0;32m  OK  [0m] Reached target Sockets.
[[0;32m  OK  [0m] Reached target Basic System.
         Starting A high performance web server and a reverse proxy server...
[[0;32m  OK  [0m] Started FUSE filesystem for LXC.
         Starting LXD - container startup/shutdown...
[[0;32m  OK  [0m] Started Unattended Upgrades Shutdown.
         Starting System Logging Service...
[[0;32m  OK  [0m] Started uWSGI instance to serve oct.
         Starting Virtualbox guest utils...
[[0;32m  OK  [0m] Started D-Bus System Message Bus.
         Starting LSB: MD monitoring daemon...
         Starting Login Service...
         Starting PostgreSQL Cluster 9.5-main...
[[0;32m  OK  [0m] Started ACPI event daemon.
         Starting OpenBSD Secure Shell server...
         Starting Apply the settings specified in cloud-config...
[[0;32m  OK  [0m] Started Regular background program processing daemon.
         Starting /etc/rc.local Compatibility...
[[0;32m  OK  [0m] Started Deferred execution scheduler.
         Starting LSB: Record successful boot for GRUB...
         Starting Accounts Service...
         Starting Snappy daemon...
[[0;32m  OK  [0m] Started System Logging Service.
[[0;32m  OK  [0m] Started /etc/rc.local Compatibility.
[[0;32m  OK  [0m] Started Login Service.
[[0;32m  OK  [0m] Started Login to default iSCSI targets.
[[0;32m  OK  [0m] Reached target Remote File Systems (Pre).
[[0;32m  OK  [0m] Reached target Remote File Systems.
         Starting LSB: Set the CPU Frequency Scaling governor to "ondemand"...
         Starting LSB: daemon to balance interrupts for SMP systems...
         Starting Permit User Sessions...
         Starting LSB: Start/stop sysstat's sadc...
         Starting LSB: automatic crash report generation...
[[0;32m  OK  [0m] Started LSB: Set the CPU Frequency Scaling governor to "ondemand".
[[0;32m  OK  [0m] Started LSB: Record successful boot for GRUB.
[[0;32m  OK  [0m] Started Permit User Sessions.
         Starting Terminate Plymouth Boot Screen...
         Starting Hold until boot process finishes up...
[[0;32m  OK  [0m] Started Terminate Plymouth Boot Screen.
[[0;32m  OK  [0m] Started Hold until boot process finishes up.
[[0;32m  OK  [0m] Started Serial Getty on ttyS0.
         Starting Set console scheme...
[[0;32m  OK  [0m] Started Getty on tty1.
[[0;32m  OK  [0m] Reached target Login Prompts.
[[0;32m  OK  [0m] Started LSB: MD monitoring daemon.
[[0;32m  OK  [0m] Started LSB: Start/stop sysstat's sadc.
[[0;32m  OK  [0m] Started Set console scheme.
[[0;32m  OK  [0m] Started LSB: automatic crash report generation.
[[0;32m  OK  [0m] Started LSB: daemon to balance interrupts for SMP systems.
[   35.970229] cloud-init[1143]: Cloud-init v. 17.2 running 'modules:config' at Mon, 07 May 2018 16:25:03 +0000. Up 34.05 seconds.
[[0;32m  OK  [0m] Started Apply the settings specified in cloud-config.
[[0;32m  OK  [0m] Started OpenBSD Secure Shell server.
[[0;32m  OK  [0m] Started Virtualbox guest utils.
[[0;32m  OK  [0m] Started A high performance web server and a reverse proxy server.
         Starting Authenticate and Authorize Users to Run Privileged Tasks...
[[0;32m  OK  [0m] Started Authenticate and Authorize Users to Run Privileged Tasks.
[[0;32m  OK  [0m] Started Accounts Service.
[[0;32m  OK  [0m] Created slice User Slice of vagrant.
         Starting User Manager for UID 1000...
[[0;32m  OK  [0m] Started Session 1 of user vagrant.
[[0;32m  OK  [0m] Started LXD - container startup/shutdown.
[[0;32m  OK  [0m] Started User Manager for UID 1000.
[[0;32m  OK  [0m] Started Snappy daemon.

Ubuntu 16.04.4 LTS ubuntu-xenial ttyS0

ubuntu-xenial login: [   50.513830] cloud-init[1724]: Cloud-init v. 17.2 running 'modules:final' at Mon, 07 May 2018 16:25:19 +0000. Up 50.27 seconds.
[   50.514352] cloud-init[1724]: Cloud-init v. 17.2 finished at Mon, 07 May 2018 16:25:19 +0000. Datasource DataSourceNoCloud [seed=/dev/sdb][dsmode=net].  Up 50.50 seconds
